2025-01-05T03:09:01.858Z  INFO 1 --- [department-service] [main] com.vti.DepartmentServiceApplication     : Starting DepartmentServiceApplication v0.0.1-SNAPSHOT using Java 17.0.2 with PID 1 (/app/department-service-0.0.1-SNAPSHOT.jar started by root in /app)
2025-01-05T03:09:02.159Z  INFO 1 --- [department-service] [main] com.vti.DepartmentServiceApplication     : No active profile set, falling back to 1 default profile: "default"
2025-01-05T03:09:12.793Z  INFO 1 --- [department-service] [main] .s.d.r.c.RepositoryConfigurationDelegate : Bootstrapping Spring Data JPA repositories in DEFAULT mode.
2025-01-05T03:09:14.882Z  INFO 1 --- [department-service] [main] .s.d.r.c.RepositoryConfigurationDelegate : Finished Spring Data repository scanning in 1906 ms. Found 2 JPA repository interfaces.
2025-01-05T03:09:18.839Z  INFO 1 --- [department-service] [main] o.s.cloud.context.scope.GenericScope     : BeanFactory id=c0dfaa43-3f8e-328d-9e3f-ba7796c1a046
2025-01-05T03:09:23.297Z  INFO 1 --- [department-service] [main] o.s.b.w.embedded.tomcat.TomcatWebServer  : Tomcat initialized with port 8080 (http)
2025-01-05T03:09:23.558Z  INFO 1 --- [department-service] [main] o.apache.catalina.core.StandardService   : Starting service [Tomcat]
2025-01-05T03:09:23.573Z  INFO 1 --- [department-service] [main] o.apache.catalina.core.StandardEngine    : Starting Servlet engine: [Apache Tomcat/10.1.33]
2025-01-05T03:09:24.120Z  INFO 1 --- [department-service] [main] o.a.c.c.C.[Tomcat].[localhost].[/]       : Initializing Spring embedded WebApplicationContext
2025-01-05T03:09:24.131Z  INFO 1 --- [department-service] [main] w.s.c.ServletWebServerApplicationContext : Root WebApplicationContext: initialization completed in 21368 ms
2025-01-05T03:09:29.077Z  INFO 1 --- [department-service] [main] o.s.o.j.p.SpringPersistenceUnitInfo      : No LoadTimeWeaver setup: ignoring JPA class transformer
2025-01-05T03:09:29.312Z  INFO 1 --- [department-service] [main] com.zaxxer.hikari.HikariDataSource       : HikariPool-1 - Starting...
2025-01-05T03:09:32.149Z  INFO 1 --- [department-service] [main] com.zaxxer.hikari.pool.HikariPool        : HikariPool-1 - Added connection com.mysql.cj.jdbc.ConnectionImpl@75959b0c
2025-01-05T03:09:32.155Z  INFO 1 --- [department-service] [main] com.zaxxer.hikari.HikariDataSource       : HikariPool-1 - Start completed.
2025-01-05T03:09:40.810Z  INFO 1 --- [department-service] [main] j.LocalContainerEntityManagerFactoryBean : Initialized JPA EntityManagerFactory for persistence unit 'default'
2025-01-05T03:09:42.685Z  INFO 1 --- [department-service] [main] o.s.d.j.r.query.QueryEnhancerFactory     : Hibernate is in classpath; If applicable, HQL parser will be used.
2025-01-05T03:09:42.895Z  WARN 1 --- [department-service] [main] JpaBaseConfiguration$JpaWebConfiguration : spring.jpa.open-in-view is enabled by default. Therefore, database queries may be performed during view rendering. Explicitly configure spring.jpa.open-in-view to disable this warning
2025-01-05T03:09:43.652Z DEBUG 1 --- [department-service] [main] s.w.s.m.m.a.RequestMappingHandlerMapping : 5 mappings in 'requestMappingHandlerMapping'
2025-01-05T03:09:44.144Z DEBUG 1 --- [department-service] [main] o.s.w.s.handler.SimpleUrlHandlerMapping  : Patterns [/webjars/**, /**] in 'resourceHandlerMapping'
2025-01-05T03:09:44.332Z DEBUG 1 --- [department-service] [main] s.w.s.m.m.a.RequestMappingHandlerAdapter : ControllerAdvice beans: 0 @ModelAttribute, 0 @InitBinder, 1 RequestBodyAdvice, 1 ResponseBodyAdvice
2025-01-05T03:09:44.658Z DEBUG 1 --- [department-service] [main] .m.m.a.ExceptionHandlerExceptionResolver : ControllerAdvice beans: 0 @ExceptionHandler, 1 ResponseBodyAdvice
2025-01-05T03:09:46.314Z  INFO 1 --- [department-service] [main] DiscoveryClientOptionalArgsConfiguration : Eureka HTTP Client uses RestClient.
2025-01-05T03:09:46.573Z  WARN 1 --- [department-service] [main] iguration$LoadBalancerCaffeineWarnLogger : Spring Cloud LoadBalancer is currently working with the default cache. While this cache implementation is useful for development and tests, it's recommended to use Caffeine cache in production.You can switch to using Caffeine cache, by adding it and org.springframework.cache.caffeine.CaffeineCacheManager to the classpath.
2025-01-05T03:09:46.726Z  INFO 1 --- [department-service] [main] o.s.c.n.eureka.InstanceInfoFactory       : Setting initial instance status as: STARTING
2025-01-05T03:09:46.935Z  INFO 1 --- [department-service] [main] com.netflix.discovery.DiscoveryClient    : Initializing Eureka in region us-east-1
2025-01-05T03:09:46.967Z  INFO 1 --- [department-service] [main] c.n.d.s.r.aws.ConfigClusterResolver      : Resolving eureka endpoints via configuration
2025-01-05T03:09:47.012Z  INFO 1 --- [department-service] [main] com.netflix.discovery.DiscoveryClient    : Disable delta property : false
2025-01-05T03:09:47.020Z  INFO 1 --- [department-service] [main] com.netflix.discovery.DiscoveryClient    : Single vip registry refresh property : null
2025-01-05T03:09:47.025Z  INFO 1 --- [department-service] [main] com.netflix.discovery.DiscoveryClient    : Force full registry fetch : false
2025-01-05T03:09:47.028Z  INFO 1 --- [department-service] [main] com.netflix.discovery.DiscoveryClient    : Application is null : false
2025-01-05T03:09:47.045Z  INFO 1 --- [department-service] [main] com.netflix.discovery.DiscoveryClient    : Registered Applications size is zero : true
2025-01-05T03:09:47.050Z  INFO 1 --- [department-service] [main] com.netflix.discovery.DiscoveryClient    : Application version is -1: true
2025-01-05T03:09:47.050Z  INFO 1 --- [department-service] [main] com.netflix.discovery.DiscoveryClient    : Getting all instance registry info from the eureka server
2025-01-05T03:09:49.971Z DEBUG 1 --- [department-service] [main] o.s.web.client.DefaultRestClient         : Reading to [com.netflix.discovery.shared.Applications]
2025-01-05T03:09:50.107Z  INFO 1 --- [department-service] [main] com.netflix.discovery.DiscoveryClient    : The response status is 200
2025-01-05T03:09:50.112Z  INFO 1 --- [department-service] [main] com.netflix.discovery.DiscoveryClient    : Starting heartbeat executor: renew interval is: 30
2025-01-05T03:09:50.128Z  INFO 1 --- [department-service] [main] c.n.discovery.InstanceInfoReplicator     : InstanceInfoReplicator onDemand update allowed rate per min is 4
2025-01-05T03:09:50.142Z  INFO 1 --- [department-service] [main] com.netflix.discovery.DiscoveryClient    : Discovery Client initialized at timestamp 1736046590141 with initial instances count: 1
2025-01-05T03:09:50.191Z  INFO 1 --- [department-service] [main] o.s.c.n.e.s.EurekaServiceRegistry        : Registering application DEPARTMENT-SERVICE with eureka with status UP
2025-01-05T03:09:50.194Z  INFO 1 --- [department-service] [main] com.netflix.discovery.DiscoveryClient    : Saw local status change event StatusChangeEvent [timestamp=1736046590194, current=UP, previous=STARTING]
2025-01-05T03:09:50.199Z  INFO 1 --- [department-service] [DiscoveryClient-InstanceInfoReplicator-%d] com.netflix.discovery.DiscoveryClient    : DiscoveryClient_DEPARTMENT-SERVICE/7e5e38d9fd8e:department-service:8080: registering service...
2025-01-05T03:09:50.296Z DEBUG 1 --- [department-service] [DiscoveryClient-InstanceInfoReplicator-%d] o.s.web.client.DefaultRestClient         : Writing [InstanceInfo [instanceId = 7e5e38d9fd8e:department-service:8080, appName = DEPARTMENT-SERVICE, hostName = 7e5e38d9fd8e, status = UP, ipAddr = 172.20.0.12, port = 8080, securePort = 443, dataCenterInfo = com.netflix.appinfo.MyDataCenterInfo@5834298c] as "application/json" with org.springframework.http.converter.json.MappingJackson2HttpMessageConverter
2025-01-05T03:09:50.368Z  INFO 1 --- [department-service] [main] o.s.b.w.embedded.tomcat.TomcatWebServer  : Tomcat started on port 8080 (http) with context path '/'
2025-01-05T03:09:50.382Z  INFO 1 --- [department-service] [main] .s.c.n.e.s.EurekaAutoServiceRegistration : Updating port to 8080
2025-01-05T03:09:50.480Z  INFO 1 --- [department-service] [main] com.vti.DepartmentServiceApplication     : Started DepartmentServiceApplication in 53.828 seconds (process running for 59.151)
2025-01-05T03:09:50.511Z  INFO 1 --- [department-service] [DiscoveryClient-InstanceInfoReplicator-%d] com.netflix.discovery.DiscoveryClient    : DiscoveryClient_DEPARTMENT-SERVICE/7e5e38d9fd8e:department-service:8080 - registration status: 204
2025-01-05T03:10:20.112Z DEBUG 1 --- [department-service] [DiscoveryClient-CacheRefreshExecutor-%d] o.s.web.client.DefaultRestClient         : Reading to [com.netflix.discovery.shared.Applications]
2025-01-05T03:10:50.116Z DEBUG 1 --- [department-service] [DiscoveryClient-CacheRefreshExecutor-%d] o.s.web.client.DefaultRestClient         : Reading to [com.netflix.discovery.shared.Applications]
2025-01-05T03:10:51.645Z  INFO 1 --- [department-service] [SpringApplicationShutdownHook] o.s.c.n.e.s.EurekaServiceRegistry        : Unregistering application DEPARTMENT-SERVICE with eureka with status DOWN
2025-01-05T03:10:51.647Z  INFO 1 --- [department-service] [SpringApplicationShutdownHook] com.netflix.discovery.DiscoveryClient    : Saw local status change event StatusChangeEvent [timestamp=1736046651647, current=DOWN, previous=UP]
2025-01-05T03:10:51.648Z  INFO 1 --- [department-service] [DiscoveryClient-InstanceInfoReplicator-%d] com.netflix.discovery.DiscoveryClient    : DiscoveryClient_DEPARTMENT-SERVICE/7e5e38d9fd8e:department-service:8080: registering service...
2025-01-05T03:10:51.674Z DEBUG 1 --- [department-service] [DiscoveryClient-InstanceInfoReplicator-%d] o.s.web.client.DefaultRestClient         : Writing [InstanceInfo [instanceId = 7e5e38d9fd8e:department-service:8080, appName = DEPARTMENT-SERVICE, hostName = 7e5e38d9fd8e, status = DOWN, ipAddr = 172.20.0.12, port = 8080, securePort = 443, dataCenterInfo = com.netflix.appinfo.MyDataCenterInfo@5834298c] as "application/json" with org.springframework.http.converter.json.MappingJackson2HttpMessageConverter
2025-01-05T03:10:51.691Z  INFO 1 --- [department-service] [SpringApplicationShutdownHook] o.s.b.w.e.tomcat.GracefulShutdown        : Commencing graceful shutdown. Waiting for active requests to complete
2025-01-05T03:10:51.709Z  INFO 1 --- [department-service] [DiscoveryClient-InstanceInfoReplicator-%d] com.netflix.discovery.DiscoveryClient    : DiscoveryClient_DEPARTMENT-SERVICE/7e5e38d9fd8e:department-service:8080 - registration status: 204
2025-01-05T03:10:51.719Z  INFO 1 --- [department-service] [tomcat-shutdown] o.s.b.w.e.tomcat.GracefulShutdown        : Graceful shutdown complete
2025-01-05T03:10:51.742Z  INFO 1 --- [department-service] [SpringApplicationShutdownHook] j.LocalContainerEntityManagerFactoryBean : Closing JPA EntityManagerFactory for persistence unit 'default'
2025-01-05T03:10:51.747Z  INFO 1 --- [department-service] [SpringApplicationShutdownHook] com.zaxxer.hikari.HikariDataSource       : HikariPool-1 - Shutdown initiated...
2025-01-05T03:10:51.836Z  INFO 1 --- [department-service] [SpringApplicationShutdownHook] com.zaxxer.hikari.HikariDataSource       : HikariPool-1 - Shutdown completed.
2025-01-05T03:10:51.837Z  INFO 1 --- [department-service] [SpringApplicationShutdownHook] com.netflix.discovery.DiscoveryClient    : Shutting down DiscoveryClient ...
2025-01-05T03:10:54.839Z  INFO 1 --- [department-service] [SpringApplicationShutdownHook] com.netflix.discovery.DiscoveryClient    : Unregistering ...
2025-01-05T03:10:54.856Z  INFO 1 --- [department-service] [SpringApplicationShutdownHook] com.netflix.discovery.DiscoveryClient    : DiscoveryClient_DEPARTMENT-SERVICE/7e5e38d9fd8e:department-service:8080 - deregister  status: 200
2025-01-05T03:10:54.862Z  INFO 1 --- [department-service] [SpringApplicationShutdownHook] com.netflix.discovery.DiscoveryClient    : Completed shut down of DiscoveryClient
2025-01-05T03:14:29.309Z  INFO 1 --- [department-service] [main] com.vti.DepartmentServiceApplication     : Starting DepartmentServiceApplication v0.0.1-SNAPSHOT using Java 17.0.2 with PID 1 (/app/department-service-0.0.1-SNAPSHOT.jar started by root in /app)
2025-01-05T03:14:29.326Z  INFO 1 --- [department-service] [main] com.vti.DepartmentServiceApplication     : No active profile set, falling back to 1 default profile: "default"
2025-01-05T03:14:38.986Z  INFO 1 --- [department-service] [main] .s.d.r.c.RepositoryConfigurationDelegate : Bootstrapping Spring Data JPA repositories in DEFAULT mode.
2025-01-05T03:14:40.496Z  INFO 1 --- [department-service] [main] .s.d.r.c.RepositoryConfigurationDelegate : Finished Spring Data repository scanning in 1417 ms. Found 2 JPA repository interfaces.
2025-01-05T03:14:42.599Z  INFO 1 --- [department-service] [main] o.s.cloud.context.scope.GenericScope     : BeanFactory id=c0dfaa43-3f8e-328d-9e3f-ba7796c1a046
2025-01-05T03:14:45.646Z  INFO 1 --- [department-service] [main] o.s.b.w.embedded.tomcat.TomcatWebServer  : Tomcat initialized with port 8080 (http)
2025-01-05T03:14:45.728Z  INFO 1 --- [department-service] [main] o.apache.catalina.core.StandardService   : Starting service [Tomcat]
2025-01-05T03:14:45.731Z  INFO 1 --- [department-service] [main] o.apache.catalina.core.StandardEngine    : Starting Servlet engine: [Apache Tomcat/10.1.33]
2025-01-05T03:14:46.084Z  INFO 1 --- [department-service] [main] o.a.c.c.C.[Tomcat].[localhost].[/]       : Initializing Spring embedded WebApplicationContext
2025-01-05T03:14:46.089Z  INFO 1 --- [department-service] [main] w.s.c.ServletWebServerApplicationContext : Root WebApplicationContext: initialization completed in 15951 ms
2025-01-05T03:14:51.082Z  INFO 1 --- [department-service] [main] o.s.o.j.p.SpringPersistenceUnitInfo      : No LoadTimeWeaver setup: ignoring JPA class transformer
2025-01-05T03:14:51.533Z  INFO 1 --- [department-service] [main] com.zaxxer.hikari.HikariDataSource       : HikariPool-1 - Starting...
2025-01-05T03:14:55.413Z  INFO 1 --- [department-service] [main] com.zaxxer.hikari.pool.HikariPool        : HikariPool-1 - Added connection com.mysql.cj.jdbc.ConnectionImpl@5dce5c03
2025-01-05T03:14:55.418Z  INFO 1 --- [department-service] [main] com.zaxxer.hikari.HikariDataSource       : HikariPool-1 - Start completed.
2025-01-05T03:15:02.329Z  INFO 1 --- [department-service] [main] j.LocalContainerEntityManagerFactoryBean : Initialized JPA EntityManagerFactory for persistence unit 'default'
2025-01-05T03:15:05.718Z  INFO 1 --- [department-service] [main] o.s.d.j.r.query.QueryEnhancerFactory     : Hibernate is in classpath; If applicable, HQL parser will be used.
2025-01-05T03:15:06.257Z  WARN 1 --- [department-service] [main] JpaBaseConfiguration$JpaWebConfiguration : spring.jpa.open-in-view is enabled by default. Therefore, database queries may be performed during view rendering. Explicitly configure spring.jpa.open-in-view to disable this warning
2025-01-05T03:15:08.608Z DEBUG 1 --- [department-service] [main] s.w.s.m.m.a.RequestMappingHandlerMapping : 5 mappings in 'requestMappingHandlerMapping'
2025-01-05T03:15:09.607Z DEBUG 1 --- [department-service] [main] o.s.w.s.handler.SimpleUrlHandlerMapping  : Patterns [/webjars/**, /**] in 'resourceHandlerMapping'
2025-01-05T03:15:09.944Z DEBUG 1 --- [department-service] [main] s.w.s.m.m.a.RequestMappingHandlerAdapter : ControllerAdvice beans: 0 @ModelAttribute, 0 @InitBinder, 1 RequestBodyAdvice, 1 ResponseBodyAdvice
2025-01-05T03:15:10.290Z DEBUG 1 --- [department-service] [main] .m.m.a.ExceptionHandlerExceptionResolver : ControllerAdvice beans: 0 @ExceptionHandler, 1 ResponseBodyAdvice
2025-01-05T03:15:12.338Z  INFO 1 --- [department-service] [main] DiscoveryClientOptionalArgsConfiguration : Eureka HTTP Client uses RestClient.
2025-01-05T03:15:12.705Z  WARN 1 --- [department-service] [main] iguration$LoadBalancerCaffeineWarnLogger : Spring Cloud LoadBalancer is currently working with the default cache. While this cache implementation is useful for development and tests, it's recommended to use Caffeine cache in production.You can switch to using Caffeine cache, by adding it and org.springframework.cache.caffeine.CaffeineCacheManager to the classpath.
2025-01-05T03:15:12.888Z  INFO 1 --- [department-service] [main] o.s.c.n.eureka.InstanceInfoFactory       : Setting initial instance status as: STARTING
2025-01-05T03:15:13.086Z  INFO 1 --- [department-service] [main] com.netflix.discovery.DiscoveryClient    : Initializing Eureka in region us-east-1
2025-01-05T03:15:13.137Z  INFO 1 --- [department-service] [main] c.n.d.s.r.aws.ConfigClusterResolver      : Resolving eureka endpoints via configuration
2025-01-05T03:15:13.243Z  INFO 1 --- [department-service] [main] com.netflix.discovery.DiscoveryClient    : Disable delta property : false
2025-01-05T03:15:13.246Z  INFO 1 --- [department-service] [main] com.netflix.discovery.DiscoveryClient    : Single vip registry refresh property : null
2025-01-05T03:15:13.254Z  INFO 1 --- [department-service] [main] com.netflix.discovery.DiscoveryClient    : Force full registry fetch : false
2025-01-05T03:15:13.256Z  INFO 1 --- [department-service] [main] com.netflix.discovery.DiscoveryClient    : Application is null : false
2025-01-05T03:15:13.260Z  INFO 1 --- [department-service] [main] com.netflix.discovery.DiscoveryClient    : Registered Applications size is zero : true
2025-01-05T03:15:13.265Z  INFO 1 --- [department-service] [main] com.netflix.discovery.DiscoveryClient    : Application version is -1: true
2025-01-05T03:15:13.266Z  INFO 1 --- [department-service] [main] com.netflix.discovery.DiscoveryClient    : Getting all instance registry info from the eureka server
2025-01-05T03:15:15.869Z DEBUG 1 --- [department-service] [main] o.s.web.client.DefaultRestClient         : Reading to [com.netflix.discovery.shared.Applications]
2025-01-05T03:15:15.939Z  INFO 1 --- [department-service] [main] com.netflix.discovery.DiscoveryClient    : The response status is 200
2025-01-05T03:15:15.947Z  INFO 1 --- [department-service] [main] com.netflix.discovery.DiscoveryClient    : Starting heartbeat executor: renew interval is: 30
2025-01-05T03:15:15.952Z  INFO 1 --- [department-service] [main] c.n.discovery.InstanceInfoReplicator     : InstanceInfoReplicator onDemand update allowed rate per min is 4
2025-01-05T03:15:15.961Z  INFO 1 --- [department-service] [main] com.netflix.discovery.DiscoveryClient    : Discovery Client initialized at timestamp 1736046915960 with initial instances count: 1
2025-01-05T03:15:15.986Z  INFO 1 --- [department-service] [main] o.s.c.n.e.s.EurekaServiceRegistry        : Registering application DEPARTMENT-SERVICE with eureka with status UP
2025-01-05T03:15:15.995Z  INFO 1 --- [department-service] [main] com.netflix.discovery.DiscoveryClient    : Saw local status change event StatusChangeEvent [timestamp=1736046915995, current=UP, previous=STARTING]
2025-01-05T03:15:16.003Z  INFO 1 --- [department-service] [DiscoveryClient-InstanceInfoReplicator-%d] com.netflix.discovery.DiscoveryClient    : DiscoveryClient_DEPARTMENT-SERVICE/7e5e38d9fd8e:department-service:8080: registering service...
2025-01-05T03:15:16.200Z  INFO 1 --- [department-service] [main] o.s.b.w.embedded.tomcat.TomcatWebServer  : Tomcat started on port 8080 (http) with context path '/'
2025-01-05T03:15:16.206Z  INFO 1 --- [department-service] [main] .s.c.n.e.s.EurekaAutoServiceRegistration : Updating port to 8080
2025-01-05T03:15:16.209Z DEBUG 1 --- [department-service] [DiscoveryClient-InstanceInfoReplicator-%d] o.s.web.client.DefaultRestClient         : Writing [InstanceInfo [instanceId = 7e5e38d9fd8e:department-service:8080, appName = DEPARTMENT-SERVICE, hostName = 7e5e38d9fd8e, status = UP, ipAddr = 172.20.0.12, port = 8080, securePort = 443, dataCenterInfo = com.netflix.appinfo.MyDataCenterInfo@a47a011] as "application/json" with org.springframework.http.converter.json.MappingJackson2HttpMessageConverter
2025-01-05T03:15:16.438Z  INFO 1 --- [department-service] [DiscoveryClient-InstanceInfoReplicator-%d] com.netflix.discovery.DiscoveryClient    : DiscoveryClient_DEPARTMENT-SERVICE/7e5e38d9fd8e:department-service:8080 - registration status: 204
2025-01-05T03:15:16.475Z  INFO 1 --- [department-service] [main] com.vti.DepartmentServiceApplication     : Started DepartmentServiceApplication in 54.816 seconds (process running for 61.57)
2025-01-05T03:15:46.000Z DEBUG 1 --- [department-service] [DiscoveryClient-CacheRefreshExecutor-%d] o.s.web.client.DefaultRestClient         : Reading to [com.netflix.discovery.shared.Applications]
2025-01-05T03:16:16.033Z DEBUG 1 --- [department-service] [DiscoveryClient-CacheRefreshExecutor-%d] o.s.web.client.DefaultRestClient         : Reading to [com.netflix.discovery.shared.Applications]
2025-01-05T03:16:46.044Z DEBUG 1 --- [department-service] [DiscoveryClient-CacheRefreshExecutor-%d] o.s.web.client.DefaultRestClient         : Reading to [com.netflix.discovery.shared.Applications]
2025-01-05T03:17:16.057Z DEBUG 1 --- [department-service] [DiscoveryClient-CacheRefreshExecutor-%d] o.s.web.client.DefaultRestClient         : Reading to [com.netflix.discovery.shared.Applications]
2025-01-05T03:17:46.067Z DEBUG 1 --- [department-service] [DiscoveryClient-CacheRefreshExecutor-%d] o.s.web.client.DefaultRestClient         : Reading to [com.netflix.discovery.shared.Applications]
2025-01-05T03:18:16.075Z DEBUG 1 --- [department-service] [DiscoveryClient-CacheRefreshExecutor-%d] o.s.web.client.DefaultRestClient         : Reading to [com.netflix.discovery.shared.Applications]
2025-01-05T03:18:20.153Z  INFO 1 --- [department-service] [SpringApplicationShutdownHook] o.s.c.n.e.s.EurekaServiceRegistry        : Unregistering application DEPARTMENT-SERVICE with eureka with status DOWN
2025-01-05T03:18:20.154Z  INFO 1 --- [department-service] [SpringApplicationShutdownHook] com.netflix.discovery.DiscoveryClient    : Saw local status change event StatusChangeEvent [timestamp=1736047100154, current=DOWN, previous=UP]
2025-01-05T03:18:20.154Z  INFO 1 --- [department-service] [DiscoveryClient-InstanceInfoReplicator-%d] com.netflix.discovery.DiscoveryClient    : DiscoveryClient_DEPARTMENT-SERVICE/7e5e38d9fd8e:department-service:8080: registering service...
2025-01-05T03:18:20.155Z DEBUG 1 --- [department-service] [DiscoveryClient-InstanceInfoReplicator-%d] o.s.web.client.DefaultRestClient         : Writing [InstanceInfo [instanceId = 7e5e38d9fd8e:department-service:8080, appName = DEPARTMENT-SERVICE, hostName = 7e5e38d9fd8e, status = DOWN, ipAddr = 172.20.0.12, port = 8080, securePort = 443, dataCenterInfo = com.netflix.appinfo.MyDataCenterInfo@a47a011] as "application/json" with org.springframework.http.converter.json.MappingJackson2HttpMessageConverter
2025-01-05T03:18:20.166Z  INFO 1 --- [department-service] [SpringApplicationShutdownHook] o.s.b.w.e.tomcat.GracefulShutdown        : Commencing graceful shutdown. Waiting for active requests to complete
2025-01-05T03:18:20.182Z  INFO 1 --- [department-service] [DiscoveryClient-InstanceInfoReplicator-%d] com.netflix.discovery.DiscoveryClient    : DiscoveryClient_DEPARTMENT-SERVICE/7e5e38d9fd8e:department-service:8080 - registration status: 204
2025-01-05T03:18:20.187Z  INFO 1 --- [department-service] [tomcat-shutdown] o.s.b.w.e.tomcat.GracefulShutdown        : Graceful shutdown complete
2025-01-05T03:18:20.200Z  INFO 1 --- [department-service] [SpringApplicationShutdownHook] j.LocalContainerEntityManagerFactoryBean : Closing JPA EntityManagerFactory for persistence unit 'default'
2025-01-05T03:18:20.219Z  INFO 1 --- [department-service] [SpringApplicationShutdownHook] com.zaxxer.hikari.HikariDataSource       : HikariPool-1 - Shutdown initiated...
2025-01-05T03:18:20.248Z  INFO 1 --- [department-service] [SpringApplicationShutdownHook] com.zaxxer.hikari.HikariDataSource       : HikariPool-1 - Shutdown completed.
2025-01-05T03:18:20.252Z  INFO 1 --- [department-service] [SpringApplicationShutdownHook] com.netflix.discovery.DiscoveryClient    : Shutting down DiscoveryClient ...
2025-01-05T03:18:23.255Z  INFO 1 --- [department-service] [SpringApplicationShutdownHook] com.netflix.discovery.DiscoveryClient    : Unregistering ...
2025-01-05T03:18:23.264Z  INFO 1 --- [department-service] [SpringApplicationShutdownHook] com.netflix.discovery.DiscoveryClient    : DiscoveryClient_DEPARTMENT-SERVICE/7e5e38d9fd8e:department-service:8080 - deregister  status: 200
2025-01-05T03:18:23.265Z  INFO 1 --- [department-service] [SpringApplicationShutdownHook] com.netflix.discovery.DiscoveryClient    : Completed shut down of DiscoveryClient
2025-01-05T04:02:53.920Z  INFO 1 --- [department-service] [main] com.vti.DepartmentServiceApplication     : Starting DepartmentServiceApplication v0.0.1-SNAPSHOT using Java 17.0.2 with PID 1 (/app/department-service-0.0.1-SNAPSHOT.jar started by root in /app)
2025-01-05T04:02:53.987Z  INFO 1 --- [department-service] [main] com.vti.DepartmentServiceApplication     : No active profile set, falling back to 1 default profile: "default"
2025-01-05T04:03:01.339Z  INFO 1 --- [department-service] [main] .s.d.r.c.RepositoryConfigurationDelegate : Bootstrapping Spring Data JPA repositories in DEFAULT mode.
2025-01-05T04:03:03.266Z  INFO 1 --- [department-service] [main] .s.d.r.c.RepositoryConfigurationDelegate : Finished Spring Data repository scanning in 1783 ms. Found 2 JPA repository interfaces.
2025-01-05T04:03:06.025Z  INFO 1 --- [department-service] [main] o.s.cloud.context.scope.GenericScope     : BeanFactory id=c0dfaa43-3f8e-328d-9e3f-ba7796c1a046
2025-01-05T04:03:11.425Z  INFO 1 --- [department-service] [main] o.s.b.w.embedded.tomcat.TomcatWebServer  : Tomcat initialized with port 8080 (http)
2025-01-05T04:03:11.478Z  INFO 1 --- [department-service] [main] o.apache.catalina.core.StandardService   : Starting service [Tomcat]
2025-01-05T04:03:11.480Z  INFO 1 --- [department-service] [main] o.apache.catalina.core.StandardEngine    : Starting Servlet engine: [Apache Tomcat/10.1.33]
2025-01-05T04:03:11.713Z  INFO 1 --- [department-service] [main] o.a.c.c.C.[Tomcat].[localhost].[/]       : Initializing Spring embedded WebApplicationContext
2025-01-05T04:03:11.740Z  INFO 1 --- [department-service] [main] w.s.c.ServletWebServerApplicationContext : Root WebApplicationContext: initialization completed in 17221 ms
2025-01-05T04:03:17.145Z  INFO 1 --- [department-service] [main] o.s.o.j.p.SpringPersistenceUnitInfo      : No LoadTimeWeaver setup: ignoring JPA class transformer
2025-01-05T04:03:17.416Z  INFO 1 --- [department-service] [main] com.zaxxer.hikari.HikariDataSource       : HikariPool-1 - Starting...
2025-01-05T04:03:19.863Z  INFO 1 --- [department-service] [main] com.zaxxer.hikari.pool.HikariPool        : HikariPool-1 - Added connection com.mysql.cj.jdbc.ConnectionImpl@7d3bcd3
2025-01-05T04:03:19.906Z  INFO 1 --- [department-service] [main] com.zaxxer.hikari.HikariDataSource       : HikariPool-1 - Start completed.
2025-01-05T04:03:26.946Z  INFO 1 --- [department-service] [main] j.LocalContainerEntityManagerFactoryBean : Initialized JPA EntityManagerFactory for persistence unit 'default'
2025-01-05T04:03:29.158Z  INFO 1 --- [department-service] [main] o.s.d.j.r.query.QueryEnhancerFactory     : Hibernate is in classpath; If applicable, HQL parser will be used.
2025-01-05T04:03:29.547Z  WARN 1 --- [department-service] [main] JpaBaseConfiguration$JpaWebConfiguration : spring.jpa.open-in-view is enabled by default. Therefore, database queries may be performed during view rendering. Explicitly configure spring.jpa.open-in-view to disable this warning
2025-01-05T04:03:30.603Z DEBUG 1 --- [department-service] [main] s.w.s.m.m.a.RequestMappingHandlerMapping : 5 mappings in 'requestMappingHandlerMapping'
2025-01-05T04:03:31.354Z DEBUG 1 --- [department-service] [main] o.s.w.s.handler.SimpleUrlHandlerMapping  : Patterns [/webjars/**, /**] in 'resourceHandlerMapping'
2025-01-05T04:03:31.588Z DEBUG 1 --- [department-service] [main] s.w.s.m.m.a.RequestMappingHandlerAdapter : ControllerAdvice beans: 0 @ModelAttribute, 0 @InitBinder, 1 RequestBodyAdvice, 1 ResponseBodyAdvice
2025-01-05T04:03:31.952Z DEBUG 1 --- [department-service] [main] .m.m.a.ExceptionHandlerExceptionResolver : ControllerAdvice beans: 0 @ExceptionHandler, 1 ResponseBodyAdvice
2025-01-05T04:03:33.200Z  INFO 1 --- [department-service] [main] DiscoveryClientOptionalArgsConfiguration : Eureka HTTP Client uses RestClient.
2025-01-05T04:03:33.543Z  WARN 1 --- [department-service] [main] iguration$LoadBalancerCaffeineWarnLogger : Spring Cloud LoadBalancer is currently working with the default cache. While this cache implementation is useful for development and tests, it's recommended to use Caffeine cache in production.You can switch to using Caffeine cache, by adding it and org.springframework.cache.caffeine.CaffeineCacheManager to the classpath.
2025-01-05T04:03:33.691Z  INFO 1 --- [department-service] [main] o.s.c.n.eureka.InstanceInfoFactory       : Setting initial instance status as: STARTING
2025-01-05T04:03:33.794Z  INFO 1 --- [department-service] [main] com.netflix.discovery.DiscoveryClient    : Initializing Eureka in region us-east-1
2025-01-05T04:03:33.803Z  INFO 1 --- [department-service] [main] c.n.d.s.r.aws.ConfigClusterResolver      : Resolving eureka endpoints via configuration
2025-01-05T04:03:33.839Z  INFO 1 --- [department-service] [main] com.netflix.discovery.DiscoveryClient    : Disable delta property : false
2025-01-05T04:03:33.854Z  INFO 1 --- [department-service] [main] com.netflix.discovery.DiscoveryClient    : Single vip registry refresh property : null
2025-01-05T04:03:33.860Z  INFO 1 --- [department-service] [main] com.netflix.discovery.DiscoveryClient    : Force full registry fetch : false
2025-01-05T04:03:33.862Z  INFO 1 --- [department-service] [main] com.netflix.discovery.DiscoveryClient    : Application is null : false
2025-01-05T04:03:33.862Z  INFO 1 --- [department-service] [main] com.netflix.discovery.DiscoveryClient    : Registered Applications size is zero : true
2025-01-05T04:03:33.863Z  INFO 1 --- [department-service] [main] com.netflix.discovery.DiscoveryClient    : Application version is -1: true
2025-01-05T04:03:33.867Z  INFO 1 --- [department-service] [main] com.netflix.discovery.DiscoveryClient    : Getting all instance registry info from the eureka server
2025-01-05T04:03:35.524Z DEBUG 1 --- [department-service] [main] o.s.web.client.DefaultRestClient         : Reading to [com.netflix.discovery.shared.Applications]
2025-01-05T04:03:35.611Z  INFO 1 --- [department-service] [main] com.netflix.discovery.DiscoveryClient    : The response status is 200
2025-01-05T04:03:35.631Z  INFO 1 --- [department-service] [main] com.netflix.discovery.DiscoveryClient    : Starting heartbeat executor: renew interval is: 30
2025-01-05T04:03:35.642Z  INFO 1 --- [department-service] [main] c.n.discovery.InstanceInfoReplicator     : InstanceInfoReplicator onDemand update allowed rate per min is 4
2025-01-05T04:03:35.646Z  INFO 1 --- [department-service] [main] com.netflix.discovery.DiscoveryClient    : Discovery Client initialized at timestamp 1736049815645 with initial instances count: 0
2025-01-05T04:03:35.662Z  INFO 1 --- [department-service] [main] o.s.c.n.e.s.EurekaServiceRegistry        : Registering application DEPARTMENT-SERVICE with eureka with status UP
2025-01-05T04:03:35.675Z  INFO 1 --- [department-service] [main] com.netflix.discovery.DiscoveryClient    : Saw local status change event StatusChangeEvent [timestamp=1736049815675, current=UP, previous=STARTING]
2025-01-05T04:03:35.689Z  INFO 1 --- [department-service] [DiscoveryClient-InstanceInfoReplicator-%d] com.netflix.discovery.DiscoveryClient    : DiscoveryClient_DEPARTMENT-SERVICE/7e5e38d9fd8e:department-service:8080: registering service...
2025-01-05T04:03:35.914Z  INFO 1 --- [department-service] [main] o.s.b.w.embedded.tomcat.TomcatWebServer  : Tomcat started on port 8080 (http) with context path '/'
2025-01-05T04:03:35.921Z  INFO 1 --- [department-service] [main] .s.c.n.e.s.EurekaAutoServiceRegistration : Updating port to 8080
2025-01-05T04:03:35.923Z DEBUG 1 --- [department-service] [DiscoveryClient-InstanceInfoReplicator-%d] o.s.web.client.DefaultRestClient         : Writing [InstanceInfo [instanceId = 7e5e38d9fd8e:department-service:8080, appName = DEPARTMENT-SERVICE, hostName = 7e5e38d9fd8e, status = UP, ipAddr = 172.20.0.14, port = 8080, securePort = 443, dataCenterInfo = com.netflix.appinfo.MyDataCenterInfo@a47a011] as "application/json" with org.springframework.http.converter.json.MappingJackson2HttpMessageConverter
2025-01-05T04:03:36.062Z  INFO 1 --- [department-service] [main] com.vti.DepartmentServiceApplication     : Started DepartmentServiceApplication in 51.923 seconds (process running for 57.31)
2025-01-05T04:03:36.471Z  INFO 1 --- [department-service] [DiscoveryClient-InstanceInfoReplicator-%d] com.netflix.discovery.DiscoveryClient    : DiscoveryClient_DEPARTMENT-SERVICE/7e5e38d9fd8e:department-service:8080 - registration status: 204
2025-01-05T04:04:05.631Z  INFO 1 --- [department-service] [DiscoveryClient-CacheRefreshExecutor-%d] com.netflix.discovery.DiscoveryClient    : Disable delta property : false
2025-01-05T04:04:05.679Z  INFO 1 --- [department-service] [DiscoveryClient-CacheRefreshExecutor-%d] com.netflix.discovery.DiscoveryClient    : Single vip registry refresh property : null
2025-01-05T04:04:05.679Z  INFO 1 --- [department-service] [DiscoveryClient-CacheRefreshExecutor-%d] com.netflix.discovery.DiscoveryClient    : Force full registry fetch : false
2025-01-05T04:04:05.680Z  INFO 1 --- [department-service] [DiscoveryClient-CacheRefreshExecutor-%d] com.netflix.discovery.DiscoveryClient    : Application is null : false
2025-01-05T04:04:05.680Z  INFO 1 --- [department-service] [DiscoveryClient-CacheRefreshExecutor-%d] com.netflix.discovery.DiscoveryClient    : Registered Applications size is zero : true
2025-01-05T04:04:05.681Z  INFO 1 --- [department-service] [DiscoveryClient-CacheRefreshExecutor-%d] com.netflix.discovery.DiscoveryClient    : Application version is -1: false
2025-01-05T04:04:05.681Z  INFO 1 --- [department-service] [DiscoveryClient-CacheRefreshExecutor-%d] com.netflix.discovery.DiscoveryClient    : Getting all instance registry info from the eureka server
2025-01-05T04:04:05.693Z DEBUG 1 --- [department-service] [DiscoveryClient-CacheRefreshExecutor-%d] o.s.web.client.DefaultRestClient         : Reading to [com.netflix.discovery.shared.Applications]
2025-01-05T04:04:05.771Z  INFO 1 --- [department-service] [DiscoveryClient-CacheRefreshExecutor-%d] com.netflix.discovery.DiscoveryClient    : The response status is 200
2025-01-05T04:04:35.782Z DEBUG 1 --- [department-service] [DiscoveryClient-CacheRefreshExecutor-%d] o.s.web.client.DefaultRestClient         : Reading to [com.netflix.discovery.shared.Applications]
2025-01-05T04:05:05.790Z DEBUG 1 --- [department-service] [DiscoveryClient-CacheRefreshExecutor-%d] o.s.web.client.DefaultRestClient         : Reading to [com.netflix.discovery.shared.Applications]
2025-01-05T04:05:35.801Z DEBUG 1 --- [department-service] [DiscoveryClient-CacheRefreshExecutor-%d] o.s.web.client.DefaultRestClient         : Reading to [com.netflix.discovery.shared.Applications]
2025-01-05T04:06:05.812Z DEBUG 1 --- [department-service] [DiscoveryClient-CacheRefreshExecutor-%d] o.s.web.client.DefaultRestClient         : Reading to [com.netflix.discovery.shared.Applications]
2025-01-05T04:06:35.818Z DEBUG 1 --- [department-service] [DiscoveryClient-CacheRefreshExecutor-%d] o.s.web.client.DefaultRestClient         : Reading to [com.netflix.discovery.shared.Applications]
2025-01-05T04:07:05.826Z DEBUG 1 --- [department-service] [DiscoveryClient-CacheRefreshExecutor-%d] o.s.web.client.DefaultRestClient         : Reading to [com.netflix.discovery.shared.Applications]
2025-01-05T04:07:11.331Z  INFO 1 --- [department-service] [SpringApplicationShutdownHook] o.s.c.n.e.s.EurekaServiceRegistry        : Unregistering application DEPARTMENT-SERVICE with eureka with status DOWN
2025-01-05T04:07:11.332Z  INFO 1 --- [department-service] [SpringApplicationShutdownHook] com.netflix.discovery.DiscoveryClient    : Saw local status change event StatusChangeEvent [timestamp=1736050031332, current=DOWN, previous=UP]
2025-01-05T04:07:11.334Z  INFO 1 --- [department-service] [DiscoveryClient-InstanceInfoReplicator-%d] com.netflix.discovery.DiscoveryClient    : DiscoveryClient_DEPARTMENT-SERVICE/7e5e38d9fd8e:department-service:8080: registering service...
2025-01-05T04:07:11.335Z DEBUG 1 --- [department-service] [DiscoveryClient-InstanceInfoReplicator-%d] o.s.web.client.DefaultRestClient         : Writing [InstanceInfo [instanceId = 7e5e38d9fd8e:department-service:8080, appName = DEPARTMENT-SERVICE, hostName = 7e5e38d9fd8e, status = DOWN, ipAddr = 172.20.0.14, port = 8080, securePort = 443, dataCenterInfo = com.netflix.appinfo.MyDataCenterInfo@a47a011] as "application/json" with org.springframework.http.converter.json.MappingJackson2HttpMessageConverter
2025-01-05T04:07:11.344Z  INFO 1 --- [department-service] [SpringApplicationShutdownHook] o.s.b.w.e.tomcat.GracefulShutdown        : Commencing graceful shutdown. Waiting for active requests to complete
2025-01-05T04:07:11.347Z  INFO 1 --- [department-service] [DiscoveryClient-InstanceInfoReplicator-%d] com.netflix.discovery.DiscoveryClient    : DiscoveryClient_DEPARTMENT-SERVICE/7e5e38d9fd8e:department-service:8080 - registration status: 204
2025-01-05T04:07:11.375Z  INFO 1 --- [department-service] [tomcat-shutdown] o.s.b.w.e.tomcat.GracefulShutdown        : Graceful shutdown complete
2025-01-05T04:07:11.449Z  INFO 1 --- [department-service] [SpringApplicationShutdownHook] j.LocalContainerEntityManagerFactoryBean : Closing JPA EntityManagerFactory for persistence unit 'default'
2025-01-05T04:07:11.460Z  INFO 1 --- [department-service] [SpringApplicationShutdownHook] com.zaxxer.hikari.HikariDataSource       : HikariPool-1 - Shutdown initiated...
2025-01-05T04:07:11.521Z  INFO 1 --- [department-service] [SpringApplicationShutdownHook] com.zaxxer.hikari.HikariDataSource       : HikariPool-1 - Shutdown completed.
2025-01-05T04:07:11.522Z  INFO 1 --- [department-service] [SpringApplicationShutdownHook] com.netflix.discovery.DiscoveryClient    : Shutting down DiscoveryClient ...
2025-01-05T04:07:14.524Z  INFO 1 --- [department-service] [SpringApplicationShutdownHook] com.netflix.discovery.DiscoveryClient    : Unregistering ...
2025-01-05T04:07:14.542Z  INFO 1 --- [department-service] [SpringApplicationShutdownHook] com.netflix.discovery.DiscoveryClient    : DiscoveryClient_DEPARTMENT-SERVICE/7e5e38d9fd8e:department-service:8080 - deregister  status: 200
2025-01-05T04:07:14.543Z  INFO 1 --- [department-service] [SpringApplicationShutdownHook] com.netflix.discovery.DiscoveryClient    : Completed shut down of DiscoveryClient
2025-01-05T04:24:19.821Z  INFO 1 --- [department-service] [main] com.vti.DepartmentServiceApplication     : Starting DepartmentServiceApplication v0.0.1-SNAPSHOT using Java 17.0.2 with PID 1 (/app/department-service-0.0.1-SNAPSHOT.jar started by root in /app)
2025-01-05T04:24:19.866Z  INFO 1 --- [department-service] [main] com.vti.DepartmentServiceApplication     : No active profile set, falling back to 1 default profile: "default"
2025-01-05T04:24:29.116Z  INFO 1 --- [department-service] [main] .s.d.r.c.RepositoryConfigurationDelegate : Bootstrapping Spring Data JPA repositories in DEFAULT mode.
2025-01-05T04:24:30.359Z  INFO 1 --- [department-service] [main] .s.d.r.c.RepositoryConfigurationDelegate : Finished Spring Data repository scanning in 1147 ms. Found 2 JPA repository interfaces.
2025-01-05T04:24:32.677Z  INFO 1 --- [department-service] [main] o.s.cloud.context.scope.GenericScope     : BeanFactory id=c0dfaa43-3f8e-328d-9e3f-ba7796c1a046
2025-01-05T04:24:36.033Z  INFO 1 --- [department-service] [main] o.s.b.w.embedded.tomcat.TomcatWebServer  : Tomcat initialized with port 8080 (http)
2025-01-05T04:24:36.108Z  INFO 1 --- [department-service] [main] o.apache.catalina.core.StandardService   : Starting service [Tomcat]
2025-01-05T04:24:36.113Z  INFO 1 --- [department-service] [main] o.apache.catalina.core.StandardEngine    : Starting Servlet engine: [Apache Tomcat/10.1.33]
2025-01-05T04:24:36.408Z  INFO 1 --- [department-service] [main] o.a.c.c.C.[Tomcat].[localhost].[/]       : Initializing Spring embedded WebApplicationContext
2025-01-05T04:24:36.416Z  INFO 1 --- [department-service] [main] w.s.c.ServletWebServerApplicationContext : Root WebApplicationContext: initialization completed in 15881 ms
2025-01-05T04:24:40.609Z  INFO 1 --- [department-service] [main] o.s.o.j.p.SpringPersistenceUnitInfo      : No LoadTimeWeaver setup: ignoring JPA class transformer
2025-01-05T04:24:40.780Z  INFO 1 --- [department-service] [main] com.zaxxer.hikari.HikariDataSource       : HikariPool-1 - Starting...
2025-01-05T04:24:43.292Z  INFO 1 --- [department-service] [main] com.zaxxer.hikari.pool.HikariPool        : HikariPool-1 - Added connection com.mysql.cj.jdbc.ConnectionImpl@87220f1
2025-01-05T04:24:43.298Z  INFO 1 --- [department-service] [main] com.zaxxer.hikari.HikariDataSource       : HikariPool-1 - Start completed.
2025-01-05T04:24:51.768Z  INFO 1 --- [department-service] [main] j.LocalContainerEntityManagerFactoryBean : Initialized JPA EntityManagerFactory for persistence unit 'default'
2025-01-05T04:24:54.119Z  INFO 1 --- [department-service] [main] o.s.d.j.r.query.QueryEnhancerFactory     : Hibernate is in classpath; If applicable, HQL parser will be used.
2025-01-05T04:24:54.527Z  WARN 1 --- [department-service] [main] JpaBaseConfiguration$JpaWebConfiguration : spring.jpa.open-in-view is enabled by default. Therefore, database queries may be performed during view rendering. Explicitly configure spring.jpa.open-in-view to disable this warning
2025-01-05T04:24:55.511Z DEBUG 1 --- [department-service] [main] s.w.s.m.m.a.RequestMappingHandlerMapping : 5 mappings in 'requestMappingHandlerMapping'
2025-01-05T04:24:56.094Z DEBUG 1 --- [department-service] [main] o.s.w.s.handler.SimpleUrlHandlerMapping  : Patterns [/webjars/**, /**] in 'resourceHandlerMapping'
2025-01-05T04:24:56.325Z DEBUG 1 --- [department-service] [main] s.w.s.m.m.a.RequestMappingHandlerAdapter : ControllerAdvice beans: 0 @ModelAttribute, 0 @InitBinder, 1 RequestBodyAdvice, 1 ResponseBodyAdvice
2025-01-05T04:24:56.721Z DEBUG 1 --- [department-service] [main] .m.m.a.ExceptionHandlerExceptionResolver : ControllerAdvice beans: 0 @ExceptionHandler, 1 ResponseBodyAdvice
2025-01-05T04:24:58.008Z  INFO 1 --- [department-service] [main] DiscoveryClientOptionalArgsConfiguration : Eureka HTTP Client uses RestClient.
2025-01-05T04:24:58.386Z  WARN 1 --- [department-service] [main] iguration$LoadBalancerCaffeineWarnLogger : Spring Cloud LoadBalancer is currently working with the default cache. While this cache implementation is useful for development and tests, it's recommended to use Caffeine cache in production.You can switch to using Caffeine cache, by adding it and org.springframework.cache.caffeine.CaffeineCacheManager to the classpath.
2025-01-05T04:24:58.588Z  INFO 1 --- [department-service] [main] o.s.c.n.eureka.InstanceInfoFactory       : Setting initial instance status as: STARTING
2025-01-05T04:24:58.750Z  INFO 1 --- [department-service] [main] com.netflix.discovery.DiscoveryClient    : Initializing Eureka in region us-east-1
2025-01-05T04:24:58.761Z  INFO 1 --- [department-service] [main] c.n.d.s.r.aws.ConfigClusterResolver      : Resolving eureka endpoints via configuration
2025-01-05T04:24:58.851Z  INFO 1 --- [department-service] [main] com.netflix.discovery.DiscoveryClient    : Disable delta property : false
2025-01-05T04:24:58.863Z  INFO 1 --- [department-service] [main] com.netflix.discovery.DiscoveryClient    : Single vip registry refresh property : null
2025-01-05T04:24:58.873Z  INFO 1 --- [department-service] [main] com.netflix.discovery.DiscoveryClient    : Force full registry fetch : false
2025-01-05T04:24:58.880Z  INFO 1 --- [department-service] [main] com.netflix.discovery.DiscoveryClient    : Application is null : false
2025-01-05T04:24:58.893Z  INFO 1 --- [department-service] [main] com.netflix.discovery.DiscoveryClient    : Registered Applications size is zero : true
2025-01-05T04:24:58.902Z  INFO 1 --- [department-service] [main] com.netflix.discovery.DiscoveryClient    : Application version is -1: true
2025-01-05T04:24:58.913Z  INFO 1 --- [department-service] [main] com.netflix.discovery.DiscoveryClient    : Getting all instance registry info from the eureka server
2025-01-05T04:25:00.847Z DEBUG 1 --- [department-service] [main] o.s.web.client.DefaultRestClient         : Reading to [com.netflix.discovery.shared.Applications]
2025-01-05T04:25:00.912Z  INFO 1 --- [department-service] [main] com.netflix.discovery.DiscoveryClient    : The response status is 200
2025-01-05T04:25:00.917Z  INFO 1 --- [department-service] [main] com.netflix.discovery.DiscoveryClient    : Starting heartbeat executor: renew interval is: 30
2025-01-05T04:25:00.923Z  INFO 1 --- [department-service] [main] c.n.discovery.InstanceInfoReplicator     : InstanceInfoReplicator onDemand update allowed rate per min is 4
2025-01-05T04:25:00.945Z  INFO 1 --- [department-service] [main] com.netflix.discovery.DiscoveryClient    : Discovery Client initialized at timestamp 1736051100944 with initial instances count: 0
2025-01-05T04:25:00.985Z  INFO 1 --- [department-service] [main] o.s.c.n.e.s.EurekaServiceRegistry        : Registering application DEPARTMENT-SERVICE with eureka with status UP
2025-01-05T04:25:00.987Z  INFO 1 --- [department-service] [main] com.netflix.discovery.DiscoveryClient    : Saw local status change event StatusChangeEvent [timestamp=1736051100987, current=UP, previous=STARTING]
2025-01-05T04:25:01.011Z  INFO 1 --- [department-service] [DiscoveryClient-InstanceInfoReplicator-%d] com.netflix.discovery.DiscoveryClient    : DiscoveryClient_DEPARTMENT-SERVICE/7e5e38d9fd8e:department-service:8080: registering service...
2025-01-05T04:25:01.095Z DEBUG 1 --- [department-service] [DiscoveryClient-InstanceInfoReplicator-%d] o.s.web.client.DefaultRestClient         : Writing [InstanceInfo [instanceId = 7e5e38d9fd8e:department-service:8080, appName = DEPARTMENT-SERVICE, hostName = 7e5e38d9fd8e, status = UP, ipAddr = 172.20.0.13, port = 8080, securePort = 443, dataCenterInfo = com.netflix.appinfo.MyDataCenterInfo@5d00241b] as "application/json" with org.springframework.http.converter.json.MappingJackson2HttpMessageConverter
2025-01-05T04:25:01.116Z  INFO 1 --- [department-service] [main] o.s.b.w.embedded.tomcat.TomcatWebServer  : Tomcat started on port 8080 (http) with context path '/'
2025-01-05T04:25:01.131Z  INFO 1 --- [department-service] [main] .s.c.n.e.s.EurekaAutoServiceRegistration : Updating port to 8080
2025-01-05T04:25:01.233Z  INFO 1 --- [department-service] [main] com.vti.DepartmentServiceApplication     : Started DepartmentServiceApplication in 46.941 seconds (process running for 53.231)
2025-01-05T04:25:01.324Z  INFO 1 --- [department-service] [DiscoveryClient-InstanceInfoReplicator-%d] com.netflix.discovery.DiscoveryClient    : DiscoveryClient_DEPARTMENT-SERVICE/7e5e38d9fd8e:department-service:8080 - registration status: 204
2025-01-05T04:25:30.916Z  INFO 1 --- [department-service] [DiscoveryClient-CacheRefreshExecutor-%d] com.netflix.discovery.DiscoveryClient    : Disable delta property : false
2025-01-05T04:25:30.916Z  INFO 1 --- [department-service] [DiscoveryClient-CacheRefreshExecutor-%d] com.netflix.discovery.DiscoveryClient    : Single vip registry refresh property : null
2025-01-05T04:25:30.917Z  INFO 1 --- [department-service] [DiscoveryClient-CacheRefreshExecutor-%d] com.netflix.discovery.DiscoveryClient    : Force full registry fetch : false
2025-01-05T04:25:30.917Z  INFO 1 --- [department-service] [DiscoveryClient-CacheRefreshExecutor-%d] com.netflix.discovery.DiscoveryClient    : Application is null : false
2025-01-05T04:25:30.918Z  INFO 1 --- [department-service] [DiscoveryClient-CacheRefreshExecutor-%d] com.netflix.discovery.DiscoveryClient    : Registered Applications size is zero : true
2025-01-05T04:25:30.918Z  INFO 1 --- [department-service] [DiscoveryClient-CacheRefreshExecutor-%d] com.netflix.discovery.DiscoveryClient    : Application version is -1: false
2025-01-05T04:25:30.919Z  INFO 1 --- [department-service] [DiscoveryClient-CacheRefreshExecutor-%d] com.netflix.discovery.DiscoveryClient    : Getting all instance registry info from the eureka server
2025-01-05T04:25:30.926Z DEBUG 1 --- [department-service] [DiscoveryClient-CacheRefreshExecutor-%d] o.s.web.client.DefaultRestClient         : Reading to [com.netflix.discovery.shared.Applications]
2025-01-05T04:25:30.940Z  INFO 1 --- [department-service] [DiscoveryClient-CacheRefreshExecutor-%d] com.netflix.discovery.DiscoveryClient    : The response status is 200
2025-01-05T04:25:36.254Z  INFO 1 --- [department-service] [SpringApplicationShutdownHook] o.s.c.n.e.s.EurekaServiceRegistry        : Unregistering application DEPARTMENT-SERVICE with eureka with status DOWN
2025-01-05T04:25:36.255Z  INFO 1 --- [department-service] [SpringApplicationShutdownHook] com.netflix.discovery.DiscoveryClient    : Saw local status change event StatusChangeEvent [timestamp=1736051136255, current=DOWN, previous=UP]
2025-01-05T04:25:36.256Z  INFO 1 --- [department-service] [DiscoveryClient-InstanceInfoReplicator-%d] com.netflix.discovery.DiscoveryClient    : DiscoveryClient_DEPARTMENT-SERVICE/7e5e38d9fd8e:department-service:8080: registering service...
2025-01-05T04:25:36.257Z DEBUG 1 --- [department-service] [DiscoveryClient-InstanceInfoReplicator-%d] o.s.web.client.DefaultRestClient         : Writing [InstanceInfo [instanceId = 7e5e38d9fd8e:department-service:8080, appName = DEPARTMENT-SERVICE, hostName = 7e5e38d9fd8e, status = DOWN, ipAddr = 172.20.0.13, port = 8080, securePort = 443, dataCenterInfo = com.netflix.appinfo.MyDataCenterInfo@5d00241b] as "application/json" with org.springframework.http.converter.json.MappingJackson2HttpMessageConverter
2025-01-05T04:25:36.260Z  INFO 1 --- [department-service] [SpringApplicationShutdownHook] o.s.b.w.e.tomcat.GracefulShutdown        : Commencing graceful shutdown. Waiting for active requests to complete
2025-01-05T04:25:36.271Z  INFO 1 --- [department-service] [tomcat-shutdown] o.s.b.w.e.tomcat.GracefulShutdown        : Graceful shutdown complete
2025-01-05T04:25:36.272Z  INFO 1 --- [department-service] [DiscoveryClient-InstanceInfoReplicator-%d] com.netflix.discovery.DiscoveryClient    : DiscoveryClient_DEPARTMENT-SERVICE/7e5e38d9fd8e:department-service:8080 - registration status: 204
2025-01-05T04:25:36.312Z  INFO 1 --- [department-service] [SpringApplicationShutdownHook] j.LocalContainerEntityManagerFactoryBean : Closing JPA EntityManagerFactory for persistence unit 'default'
2025-01-05T04:25:36.314Z  INFO 1 --- [department-service] [SpringApplicationShutdownHook] com.zaxxer.hikari.HikariDataSource       : HikariPool-1 - Shutdown initiated...
2025-01-05T04:25:36.322Z  INFO 1 --- [department-service] [SpringApplicationShutdownHook] com.zaxxer.hikari.HikariDataSource       : HikariPool-1 - Shutdown completed.
2025-01-05T04:25:36.325Z  INFO 1 --- [department-service] [SpringApplicationShutdownHook] com.netflix.discovery.DiscoveryClient    : Shutting down DiscoveryClient ...
2025-01-05T04:25:39.332Z  INFO 1 --- [department-service] [SpringApplicationShutdownHook] com.netflix.discovery.DiscoveryClient    : Unregistering ...
2025-01-05T04:25:39.357Z  INFO 1 --- [department-service] [SpringApplicationShutdownHook] com.netflix.discovery.DiscoveryClient    : DiscoveryClient_DEPARTMENT-SERVICE/7e5e38d9fd8e:department-service:8080 - deregister  status: 200
2025-01-05T04:25:39.361Z  INFO 1 --- [department-service] [SpringApplicationShutdownHook] com.netflix.discovery.DiscoveryClient    : Completed shut down of DiscoveryClient
2025-01-05T04:33:35.592Z  INFO 1 --- [department-service] [main] com.vti.DepartmentServiceApplication     : Starting DepartmentServiceApplication v0.0.1-SNAPSHOT using Java 17.0.2 with PID 1 (/app/department-service-0.0.1-SNAPSHOT.jar started by root in /app)
2025-01-05T04:33:35.606Z  INFO 1 --- [department-service] [main] com.vti.DepartmentServiceApplication     : No active profile set, falling back to 1 default profile: "default"
2025-01-05T04:33:43.803Z  INFO 1 --- [department-service] [main] .s.d.r.c.RepositoryConfigurationDelegate : Bootstrapping Spring Data JPA repositories in DEFAULT mode.
2025-01-05T04:33:45.976Z  INFO 1 --- [department-service] [main] .s.d.r.c.RepositoryConfigurationDelegate : Finished Spring Data repository scanning in 2008 ms. Found 2 JPA repository interfaces.
2025-01-05T04:33:49.339Z  INFO 1 --- [department-service] [main] o.s.cloud.context.scope.GenericScope     : BeanFactory id=c0dfaa43-3f8e-328d-9e3f-ba7796c1a046
2025-01-05T04:33:52.421Z  INFO 1 --- [department-service] [main] o.s.b.w.embedded.tomcat.TomcatWebServer  : Tomcat initialized with port 8080 (http)
2025-01-05T04:33:52.577Z  INFO 1 --- [department-service] [main] o.apache.catalina.core.StandardService   : Starting service [Tomcat]
2025-01-05T04:33:52.596Z  INFO 1 --- [department-service] [main] o.apache.catalina.core.StandardEngine    : Starting Servlet engine: [Apache Tomcat/10.1.33]
2025-01-05T04:33:52.991Z  INFO 1 --- [department-service] [main] o.a.c.c.C.[Tomcat].[localhost].[/]       : Initializing Spring embedded WebApplicationContext
2025-01-05T04:33:53.017Z  INFO 1 --- [department-service] [main] w.s.c.ServletWebServerApplicationContext : Root WebApplicationContext: initialization completed in 16865 ms
2025-01-05T04:33:58.636Z  INFO 1 --- [department-service] [main] o.s.o.j.p.SpringPersistenceUnitInfo      : No LoadTimeWeaver setup: ignoring JPA class transformer
2025-01-05T04:33:58.851Z  INFO 1 --- [department-service] [main] com.zaxxer.hikari.HikariDataSource       : HikariPool-1 - Starting...
2025-01-05T04:34:02.327Z  INFO 1 --- [department-service] [main] com.zaxxer.hikari.pool.HikariPool        : HikariPool-1 - Added connection com.mysql.cj.jdbc.ConnectionImpl@229cb4d8
2025-01-05T04:34:02.330Z  INFO 1 --- [department-service] [main] com.zaxxer.hikari.HikariDataSource       : HikariPool-1 - Start completed.
2025-01-05T04:34:10.148Z  INFO 1 --- [department-service] [main] j.LocalContainerEntityManagerFactoryBean : Initialized JPA EntityManagerFactory for persistence unit 'default'
2025-01-05T04:34:12.916Z  INFO 1 --- [department-service] [main] o.s.d.j.r.query.QueryEnhancerFactory     : Hibernate is in classpath; If applicable, HQL parser will be used.
2025-01-05T04:34:13.238Z  WARN 1 --- [department-service] [main] JpaBaseConfiguration$JpaWebConfiguration : spring.jpa.open-in-view is enabled by default. Therefore, database queries may be performed during view rendering. Explicitly configure spring.jpa.open-in-view to disable this warning
2025-01-05T04:34:14.364Z DEBUG 1 --- [department-service] [main] s.w.s.m.m.a.RequestMappingHandlerMapping : 5 mappings in 'requestMappingHandlerMapping'
2025-01-05T04:34:14.945Z DEBUG 1 --- [department-service] [main] o.s.w.s.handler.SimpleUrlHandlerMapping  : Patterns [/webjars/**, /**] in 'resourceHandlerMapping'
2025-01-05T04:34:15.149Z DEBUG 1 --- [department-service] [main] s.w.s.m.m.a.RequestMappingHandlerAdapter : ControllerAdvice beans: 0 @ModelAttribute, 0 @InitBinder, 1 RequestBodyAdvice, 1 ResponseBodyAdvice
2025-01-05T04:34:15.529Z DEBUG 1 --- [department-service] [main] .m.m.a.ExceptionHandlerExceptionResolver : ControllerAdvice beans: 0 @ExceptionHandler, 1 ResponseBodyAdvice
2025-01-05T04:34:16.956Z  INFO 1 --- [department-service] [main] DiscoveryClientOptionalArgsConfiguration : Eureka HTTP Client uses RestClient.
2025-01-05T04:34:17.236Z  WARN 1 --- [department-service] [main] iguration$LoadBalancerCaffeineWarnLogger : Spring Cloud LoadBalancer is currently working with the default cache. While this cache implementation is useful for development and tests, it's recommended to use Caffeine cache in production.You can switch to using Caffeine cache, by adding it and org.springframework.cache.caffeine.CaffeineCacheManager to the classpath.
2025-01-05T04:34:17.366Z  INFO 1 --- [department-service] [main] o.s.c.n.eureka.InstanceInfoFactory       : Setting initial instance status as: STARTING
2025-01-05T04:34:17.548Z  INFO 1 --- [department-service] [main] com.netflix.discovery.DiscoveryClient    : Initializing Eureka in region us-east-1
2025-01-05T04:34:17.568Z  INFO 1 --- [department-service] [main] c.n.d.s.r.aws.ConfigClusterResolver      : Resolving eureka endpoints via configuration
2025-01-05T04:34:17.622Z  INFO 1 --- [department-service] [main] com.netflix.discovery.DiscoveryClient    : Disable delta property : false
2025-01-05T04:34:17.632Z  INFO 1 --- [department-service] [main] com.netflix.discovery.DiscoveryClient    : Single vip registry refresh property : null
2025-01-05T04:34:17.642Z  INFO 1 --- [department-service] [main] com.netflix.discovery.DiscoveryClient    : Force full registry fetch : false
2025-01-05T04:34:17.663Z  INFO 1 --- [department-service] [main] com.netflix.discovery.DiscoveryClient    : Application is null : false
2025-01-05T04:34:17.666Z  INFO 1 --- [department-service] [main] com.netflix.discovery.DiscoveryClient    : Registered Applications size is zero : true
2025-01-05T04:34:17.672Z  INFO 1 --- [department-service] [main] com.netflix.discovery.DiscoveryClient    : Application version is -1: true
2025-01-05T04:34:17.682Z  INFO 1 --- [department-service] [main] com.netflix.discovery.DiscoveryClient    : Getting all instance registry info from the eureka server
2025-01-05T04:34:21.094Z DEBUG 1 --- [department-service] [main] o.s.web.client.DefaultRestClient         : Reading to [com.netflix.discovery.shared.Applications]
2025-01-05T04:34:21.158Z  INFO 1 --- [department-service] [main] com.netflix.discovery.DiscoveryClient    : The response status is 200
2025-01-05T04:34:21.169Z  INFO 1 --- [department-service] [main] com.netflix.discovery.DiscoveryClient    : Starting heartbeat executor: renew interval is: 30
2025-01-05T04:34:21.185Z  INFO 1 --- [department-service] [main] c.n.discovery.InstanceInfoReplicator     : InstanceInfoReplicator onDemand update allowed rate per min is 4
2025-01-05T04:34:21.189Z  INFO 1 --- [department-service] [main] com.netflix.discovery.DiscoveryClient    : Discovery Client initialized at timestamp 1736051661188 with initial instances count: 0
2025-01-05T04:34:21.197Z  INFO 1 --- [department-service] [main] o.s.c.n.e.s.EurekaServiceRegistry        : Registering application DEPARTMENT-SERVICE with eureka with status UP
2025-01-05T04:34:21.204Z  INFO 1 --- [department-service] [main] com.netflix.discovery.DiscoveryClient    : Saw local status change event StatusChangeEvent [timestamp=1736051661204, current=UP, previous=STARTING]
2025-01-05T04:34:21.218Z  INFO 1 --- [department-service] [DiscoveryClient-InstanceInfoReplicator-%d] com.netflix.discovery.DiscoveryClient    : DiscoveryClient_DEPARTMENT-SERVICE/7e5e38d9fd8e:department-service:8080: registering service...
2025-01-05T04:34:21.265Z DEBUG 1 --- [department-service] [DiscoveryClient-InstanceInfoReplicator-%d] o.s.web.client.DefaultRestClient         : Writing [InstanceInfo [instanceId = 7e5e38d9fd8e:department-service:8080, appName = DEPARTMENT-SERVICE, hostName = 7e5e38d9fd8e, status = UP, ipAddr = 172.20.0.12, port = 8080, securePort = 443, dataCenterInfo = com.netflix.appinfo.MyDataCenterInfo@56dae6] as "application/json" with org.springframework.http.converter.json.MappingJackson2HttpMessageConverter
2025-01-05T04:34:21.475Z  INFO 1 --- [department-service] [main] o.s.b.w.embedded.tomcat.TomcatWebServer  : Tomcat started on port 8080 (http) with context path '/'
2025-01-05T04:34:21.477Z  INFO 1 --- [department-service] [main] .s.c.n.e.s.EurekaAutoServiceRegistration : Updating port to 8080
2025-01-05T04:34:21.570Z  INFO 1 --- [department-service] [main] com.vti.DepartmentServiceApplication     : Started DepartmentServiceApplication in 51.975 seconds (process running for 57.643)
2025-01-05T04:34:21.933Z  INFO 1 --- [department-service] [DiscoveryClient-InstanceInfoReplicator-%d] com.netflix.discovery.DiscoveryClient    : DiscoveryClient_DEPARTMENT-SERVICE/7e5e38d9fd8e:department-service:8080 - registration status: 204
2025-01-05T04:34:51.167Z  INFO 1 --- [department-service] [DiscoveryClient-CacheRefreshExecutor-%d] com.netflix.discovery.DiscoveryClient    : Disable delta property : false
2025-01-05T04:34:51.168Z  INFO 1 --- [department-service] [DiscoveryClient-CacheRefreshExecutor-%d] com.netflix.discovery.DiscoveryClient    : Single vip registry refresh property : null
2025-01-05T04:34:51.169Z  INFO 1 --- [department-service] [DiscoveryClient-CacheRefreshExecutor-%d] com.netflix.discovery.DiscoveryClient    : Force full registry fetch : false
2025-01-05T04:34:51.169Z  INFO 1 --- [department-service] [DiscoveryClient-CacheRefreshExecutor-%d] com.netflix.discovery.DiscoveryClient    : Application is null : false
2025-01-05T04:34:51.169Z  INFO 1 --- [department-service] [DiscoveryClient-CacheRefreshExecutor-%d] com.netflix.discovery.DiscoveryClient    : Registered Applications size is zero : true
2025-01-05T04:34:51.170Z  INFO 1 --- [department-service] [DiscoveryClient-CacheRefreshExecutor-%d] com.netflix.discovery.DiscoveryClient    : Application version is -1: false
2025-01-05T04:34:51.170Z  INFO 1 --- [department-service] [DiscoveryClient-CacheRefreshExecutor-%d] com.netflix.discovery.DiscoveryClient    : Getting all instance registry info from the eureka server
2025-01-05T04:34:51.188Z DEBUG 1 --- [department-service] [DiscoveryClient-CacheRefreshExecutor-%d] o.s.web.client.DefaultRestClient         : Reading to [com.netflix.discovery.shared.Applications]
2025-01-05T04:34:51.225Z  INFO 1 --- [department-service] [DiscoveryClient-CacheRefreshExecutor-%d] com.netflix.discovery.DiscoveryClient    : The response status is 200
2025-01-05T04:35:21.237Z DEBUG 1 --- [department-service] [DiscoveryClient-CacheRefreshExecutor-%d] o.s.web.client.DefaultRestClient         : Reading to [com.netflix.discovery.shared.Applications]
2025-01-05T04:35:51.246Z DEBUG 1 --- [department-service] [DiscoveryClient-CacheRefreshExecutor-%d] o.s.web.client.DefaultRestClient         : Reading to [com.netflix.discovery.shared.Applications]
2025-01-05T04:36:21.255Z DEBUG 1 --- [department-service] [DiscoveryClient-CacheRefreshExecutor-%d] o.s.web.client.DefaultRestClient         : Reading to [com.netflix.discovery.shared.Applications]
2025-01-05T04:36:51.266Z DEBUG 1 --- [department-service] [DiscoveryClient-CacheRefreshExecutor-%d] o.s.web.client.DefaultRestClient         : Reading to [com.netflix.discovery.shared.Applications]
2025-01-05T04:37:21.273Z DEBUG 1 --- [department-service] [DiscoveryClient-CacheRefreshExecutor-%d] o.s.web.client.DefaultRestClient         : Reading to [com.netflix.discovery.shared.Applications]
2025-01-05T04:37:34.143Z  INFO 1 --- [department-service] [SpringApplicationShutdownHook] o.s.c.n.e.s.EurekaServiceRegistry        : Unregistering application DEPARTMENT-SERVICE with eureka with status DOWN
2025-01-05T04:37:34.145Z  INFO 1 --- [department-service] [SpringApplicationShutdownHook] com.netflix.discovery.DiscoveryClient    : Saw local status change event StatusChangeEvent [timestamp=1736051854145, current=DOWN, previous=UP]
2025-01-05T04:37:34.150Z  INFO 1 --- [department-service] [DiscoveryClient-InstanceInfoReplicator-%d] com.netflix.discovery.DiscoveryClient    : DiscoveryClient_DEPARTMENT-SERVICE/7e5e38d9fd8e:department-service:8080: registering service...
2025-01-05T04:37:34.157Z DEBUG 1 --- [department-service] [DiscoveryClient-InstanceInfoReplicator-%d] o.s.web.client.DefaultRestClient         : Writing [InstanceInfo [instanceId = 7e5e38d9fd8e:department-service:8080, appName = DEPARTMENT-SERVICE, hostName = 7e5e38d9fd8e, status = DOWN, ipAddr = 172.20.0.12, port = 8080, securePort = 443, dataCenterInfo = com.netflix.appinfo.MyDataCenterInfo@56dae6] as "application/json" with org.springframework.http.converter.json.MappingJackson2HttpMessageConverter
2025-01-05T04:37:34.167Z  INFO 1 --- [department-service] [SpringApplicationShutdownHook] o.s.b.w.e.tomcat.GracefulShutdown        : Commencing graceful shutdown. Waiting for active requests to complete
2025-01-05T04:37:34.179Z  INFO 1 --- [department-service] [DiscoveryClient-InstanceInfoReplicator-%d] com.netflix.discovery.DiscoveryClient    : DiscoveryClient_DEPARTMENT-SERVICE/7e5e38d9fd8e:department-service:8080 - registration status: 204
2025-01-05T04:37:34.220Z  INFO 1 --- [department-service] [tomcat-shutdown] o.s.b.w.e.tomcat.GracefulShutdown        : Graceful shutdown complete
2025-01-05T04:37:34.274Z  INFO 1 --- [department-service] [SpringApplicationShutdownHook] j.LocalContainerEntityManagerFactoryBean : Closing JPA EntityManagerFactory for persistence unit 'default'
2025-01-05T04:37:34.281Z  INFO 1 --- [department-service] [SpringApplicationShutdownHook] com.zaxxer.hikari.HikariDataSource       : HikariPool-1 - Shutdown initiated...
2025-01-05T04:37:34.303Z  INFO 1 --- [department-service] [SpringApplicationShutdownHook] com.zaxxer.hikari.HikariDataSource       : HikariPool-1 - Shutdown completed.
2025-01-05T04:37:34.307Z  INFO 1 --- [department-service] [SpringApplicationShutdownHook] com.netflix.discovery.DiscoveryClient    : Shutting down DiscoveryClient ...
2025-01-05T04:37:37.315Z  INFO 1 --- [department-service] [SpringApplicationShutdownHook] com.netflix.discovery.DiscoveryClient    : Unregistering ...
2025-01-05T04:37:37.328Z  INFO 1 --- [department-service] [SpringApplicationShutdownHook] com.netflix.discovery.DiscoveryClient    : DiscoveryClient_DEPARTMENT-SERVICE/7e5e38d9fd8e:department-service:8080 - deregister  status: 200
2025-01-05T04:37:37.336Z  INFO 1 --- [department-service] [SpringApplicationShutdownHook] com.netflix.discovery.DiscoveryClient    : Completed shut down of DiscoveryClient
2025-01-05T04:39:30.458Z  INFO 1 --- [department-service] [main] com.vti.DepartmentServiceApplication     : Starting DepartmentServiceApplication v0.0.1-SNAPSHOT using Java 17.0.2 with PID 1 (/app/department-service-0.0.1-SNAPSHOT.jar started by root in /app)
2025-01-05T04:39:30.479Z  INFO 1 --- [department-service] [main] com.vti.DepartmentServiceApplication     : No active profile set, falling back to 1 default profile: "default"
2025-01-05T04:39:40.360Z  INFO 1 --- [department-service] [main] .s.d.r.c.RepositoryConfigurationDelegate : Bootstrapping Spring Data JPA repositories in DEFAULT mode.
2025-01-05T04:39:41.612Z  INFO 1 --- [department-service] [main] .s.d.r.c.RepositoryConfigurationDelegate : Finished Spring Data repository scanning in 1132 ms. Found 2 JPA repository interfaces.
2025-01-05T04:39:46.134Z  INFO 1 --- [department-service] [main] o.s.cloud.context.scope.GenericScope     : BeanFactory id=c0dfaa43-3f8e-328d-9e3f-ba7796c1a046
2025-01-05T04:39:50.087Z  INFO 1 --- [department-service] [main] o.s.b.w.embedded.tomcat.TomcatWebServer  : Tomcat initialized with port 8080 (http)
2025-01-05T04:39:50.168Z  INFO 1 --- [department-service] [main] o.apache.catalina.core.StandardService   : Starting service [Tomcat]
2025-01-05T04:39:50.170Z  INFO 1 --- [department-service] [main] o.apache.catalina.core.StandardEngine    : Starting Servlet engine: [Apache Tomcat/10.1.33]
2025-01-05T04:39:50.385Z  INFO 1 --- [department-service] [main] o.a.c.c.C.[Tomcat].[localhost].[/]       : Initializing Spring embedded WebApplicationContext
2025-01-05T04:39:50.408Z  INFO 1 --- [department-service] [main] w.s.c.ServletWebServerApplicationContext : Root WebApplicationContext: initialization completed in 19171 ms
2025-01-05T04:39:54.450Z  INFO 1 --- [department-service] [main] o.s.o.j.p.SpringPersistenceUnitInfo      : No LoadTimeWeaver setup: ignoring JPA class transformer
2025-01-05T04:39:54.681Z  INFO 1 --- [department-service] [main] com.zaxxer.hikari.HikariDataSource       : HikariPool-1 - Starting...
2025-01-05T04:39:57.318Z  INFO 1 --- [department-service] [main] com.zaxxer.hikari.pool.HikariPool        : HikariPool-1 - Added connection com.mysql.cj.jdbc.ConnectionImpl@30ef32eb
2025-01-05T04:39:57.326Z  INFO 1 --- [department-service] [main] com.zaxxer.hikari.HikariDataSource       : HikariPool-1 - Start completed.
2025-01-05T04:40:05.783Z  INFO 1 --- [department-service] [main] j.LocalContainerEntityManagerFactoryBean : Initialized JPA EntityManagerFactory for persistence unit 'default'
2025-01-05T04:40:08.603Z  INFO 1 --- [department-service] [main] o.s.d.j.r.query.QueryEnhancerFactory     : Hibernate is in classpath; If applicable, HQL parser will be used.
2025-01-05T04:40:08.818Z  WARN 1 --- [department-service] [main] JpaBaseConfiguration$JpaWebConfiguration : spring.jpa.open-in-view is enabled by default. Therefore, database queries may be performed during view rendering. Explicitly configure spring.jpa.open-in-view to disable this warning
2025-01-05T04:40:10.095Z DEBUG 1 --- [department-service] [main] s.w.s.m.m.a.RequestMappingHandlerMapping : 5 mappings in 'requestMappingHandlerMapping'
2025-01-05T04:40:10.615Z DEBUG 1 --- [department-service] [main] o.s.w.s.handler.SimpleUrlHandlerMapping  : Patterns [/webjars/**, /**] in 'resourceHandlerMapping'
2025-01-05T04:40:10.839Z DEBUG 1 --- [department-service] [main] s.w.s.m.m.a.RequestMappingHandlerAdapter : ControllerAdvice beans: 0 @ModelAttribute, 0 @InitBinder, 1 RequestBodyAdvice, 1 ResponseBodyAdvice
2025-01-05T04:40:11.160Z DEBUG 1 --- [department-service] [main] .m.m.a.ExceptionHandlerExceptionResolver : ControllerAdvice beans: 0 @ExceptionHandler, 1 ResponseBodyAdvice
2025-01-05T04:40:12.865Z  INFO 1 --- [department-service] [main] DiscoveryClientOptionalArgsConfiguration : Eureka HTTP Client uses RestClient.
2025-01-05T04:40:13.121Z  WARN 1 --- [department-service] [main] iguration$LoadBalancerCaffeineWarnLogger : Spring Cloud LoadBalancer is currently working with the default cache. While this cache implementation is useful for development and tests, it's recommended to use Caffeine cache in production.You can switch to using Caffeine cache, by adding it and org.springframework.cache.caffeine.CaffeineCacheManager to the classpath.
2025-01-05T04:40:13.247Z  INFO 1 --- [department-service] [main] o.s.c.n.eureka.InstanceInfoFactory       : Setting initial instance status as: STARTING
2025-01-05T04:40:13.463Z  INFO 1 --- [department-service] [main] com.netflix.discovery.DiscoveryClient    : Initializing Eureka in region us-east-1
2025-01-05T04:40:13.524Z  INFO 1 --- [department-service] [main] c.n.d.s.r.aws.ConfigClusterResolver      : Resolving eureka endpoints via configuration
2025-01-05T04:40:13.559Z  INFO 1 --- [department-service] [main] com.netflix.discovery.DiscoveryClient    : Disable delta property : false
2025-01-05T04:40:13.560Z  INFO 1 --- [department-service] [main] com.netflix.discovery.DiscoveryClient    : Single vip registry refresh property : null
2025-01-05T04:40:13.567Z  INFO 1 --- [department-service] [main] com.netflix.discovery.DiscoveryClient    : Force full registry fetch : false
2025-01-05T04:40:13.570Z  INFO 1 --- [department-service] [main] com.netflix.discovery.DiscoveryClient    : Application is null : false
2025-01-05T04:40:13.571Z  INFO 1 --- [department-service] [main] com.netflix.discovery.DiscoveryClient    : Registered Applications size is zero : true
2025-01-05T04:40:13.571Z  INFO 1 --- [department-service] [main] com.netflix.discovery.DiscoveryClient    : Application version is -1: true
2025-01-05T04:40:13.572Z  INFO 1 --- [department-service] [main] com.netflix.discovery.DiscoveryClient    : Getting all instance registry info from the eureka server
2025-01-05T04:40:15.671Z DEBUG 1 --- [department-service] [main] o.s.web.client.DefaultRestClient         : Reading to [com.netflix.discovery.shared.Applications]
2025-01-05T04:40:15.770Z  INFO 1 --- [department-service] [main] com.netflix.discovery.DiscoveryClient    : The response status is 200
2025-01-05T04:40:15.789Z  INFO 1 --- [department-service] [main] com.netflix.discovery.DiscoveryClient    : Starting heartbeat executor: renew interval is: 30
2025-01-05T04:40:15.798Z  INFO 1 --- [department-service] [main] c.n.discovery.InstanceInfoReplicator     : InstanceInfoReplicator onDemand update allowed rate per min is 4
2025-01-05T04:40:15.803Z  INFO 1 --- [department-service] [main] com.netflix.discovery.DiscoveryClient    : Discovery Client initialized at timestamp 1736052015802 with initial instances count: 0
2025-01-05T04:40:15.815Z  INFO 1 --- [department-service] [main] o.s.c.n.e.s.EurekaServiceRegistry        : Registering application DEPARTMENT-SERVICE with eureka with status UP
2025-01-05T04:40:15.816Z  INFO 1 --- [department-service] [main] com.netflix.discovery.DiscoveryClient    : Saw local status change event StatusChangeEvent [timestamp=1736052015816, current=UP, previous=STARTING]
2025-01-05T04:40:15.846Z  INFO 1 --- [department-service] [DiscoveryClient-InstanceInfoReplicator-%d] com.netflix.discovery.DiscoveryClient    : DiscoveryClient_DEPARTMENT-SERVICE/7e5e38d9fd8e:department-service:8080: registering service...
2025-01-05T04:40:15.960Z DEBUG 1 --- [department-service] [DiscoveryClient-InstanceInfoReplicator-%d] o.s.web.client.DefaultRestClient         : Writing [InstanceInfo [instanceId = 7e5e38d9fd8e:department-service:8080, appName = DEPARTMENT-SERVICE, hostName = 7e5e38d9fd8e, status = UP, ipAddr = 172.20.0.14, port = 8080, securePort = 443, dataCenterInfo = com.netflix.appinfo.MyDataCenterInfo@6e43c01f] as "application/json" with org.springframework.http.converter.json.MappingJackson2HttpMessageConverter
2025-01-05T04:40:16.001Z  INFO 1 --- [department-service] [main] o.s.b.w.embedded.tomcat.TomcatWebServer  : Tomcat started on port 8080 (http) with context path '/'
2025-01-05T04:40:16.009Z  INFO 1 --- [department-service] [main] .s.c.n.e.s.EurekaAutoServiceRegistration : Updating port to 8080
2025-01-05T04:40:16.125Z  INFO 1 --- [department-service] [main] com.vti.DepartmentServiceApplication     : Started DepartmentServiceApplication in 52.164 seconds (process running for 57.229)
2025-01-05T04:40:16.281Z  INFO 1 --- [department-service] [DiscoveryClient-InstanceInfoReplicator-%d] com.netflix.discovery.DiscoveryClient    : DiscoveryClient_DEPARTMENT-SERVICE/7e5e38d9fd8e:department-service:8080 - registration status: 204
2025-01-05T04:40:41.692Z  INFO 1 --- [department-service] [SpringApplicationShutdownHook] o.s.c.n.e.s.EurekaServiceRegistry        : Unregistering application DEPARTMENT-SERVICE with eureka with status DOWN
2025-01-05T04:40:41.694Z  INFO 1 --- [department-service] [SpringApplicationShutdownHook] com.netflix.discovery.DiscoveryClient    : Saw local status change event StatusChangeEvent [timestamp=1736052041694, current=DOWN, previous=UP]
2025-01-05T04:40:41.697Z  INFO 1 --- [department-service] [DiscoveryClient-InstanceInfoReplicator-%d] com.netflix.discovery.DiscoveryClient    : DiscoveryClient_DEPARTMENT-SERVICE/7e5e38d9fd8e:department-service:8080: registering service...
2025-01-05T04:40:41.710Z DEBUG 1 --- [department-service] [DiscoveryClient-InstanceInfoReplicator-%d] o.s.web.client.DefaultRestClient         : Writing [InstanceInfo [instanceId = 7e5e38d9fd8e:department-service:8080, appName = DEPARTMENT-SERVICE, hostName = 7e5e38d9fd8e, status = DOWN, ipAddr = 172.20.0.14, port = 8080, securePort = 443, dataCenterInfo = com.netflix.appinfo.MyDataCenterInfo@6e43c01f] as "application/json" with org.springframework.http.converter.json.MappingJackson2HttpMessageConverter
2025-01-05T04:40:41.736Z  INFO 1 --- [department-service] [DiscoveryClient-InstanceInfoReplicator-%d] com.netflix.discovery.DiscoveryClient    : DiscoveryClient_DEPARTMENT-SERVICE/7e5e38d9fd8e:department-service:8080 - registration status: 204
2025-01-05T04:40:41.791Z  INFO 1 --- [department-service] [SpringApplicationShutdownHook] o.s.b.w.e.tomcat.GracefulShutdown        : Commencing graceful shutdown. Waiting for active requests to complete
2025-01-05T04:40:41.851Z  INFO 1 --- [department-service] [tomcat-shutdown] o.s.b.w.e.tomcat.GracefulShutdown        : Graceful shutdown complete
2025-01-05T04:40:41.912Z  INFO 1 --- [department-service] [SpringApplicationShutdownHook] j.LocalContainerEntityManagerFactoryBean : Closing JPA EntityManagerFactory for persistence unit 'default'
2025-01-05T04:40:41.947Z  INFO 1 --- [department-service] [SpringApplicationShutdownHook] com.zaxxer.hikari.HikariDataSource       : HikariPool-1 - Shutdown initiated...
2025-01-05T04:40:42.069Z  INFO 1 --- [department-service] [SpringApplicationShutdownHook] com.zaxxer.hikari.HikariDataSource       : HikariPool-1 - Shutdown completed.
2025-01-05T04:40:42.079Z  INFO 1 --- [department-service] [SpringApplicationShutdownHook] com.netflix.discovery.DiscoveryClient    : Shutting down DiscoveryClient ...
2025-01-05T04:40:45.080Z  INFO 1 --- [department-service] [SpringApplicationShutdownHook] com.netflix.discovery.DiscoveryClient    : Unregistering ...
2025-01-05T04:40:45.090Z  INFO 1 --- [department-service] [SpringApplicationShutdownHook] com.netflix.discovery.DiscoveryClient    : DiscoveryClient_DEPARTMENT-SERVICE/7e5e38d9fd8e:department-service:8080 - deregister  status: 200
2025-01-05T04:40:45.091Z  INFO 1 --- [department-service] [SpringApplicationShutdownHook] com.netflix.discovery.DiscoveryClient    : Completed shut down of DiscoveryClient
2025-01-05T05:09:04.386Z  INFO 1 --- [department-service] [main] com.vti.DepartmentServiceApplication     : Starting DepartmentServiceApplication v0.0.1-SNAPSHOT using Java 17.0.2 with PID 1 (/app/department-service-0.0.1-SNAPSHOT.jar started by root in /app)
2025-01-05T05:09:04.396Z  INFO 1 --- [department-service] [main] com.vti.DepartmentServiceApplication     : No active profile set, falling back to 1 default profile: "default"
2025-01-05T05:09:16.452Z  INFO 1 --- [department-service] [main] .s.d.r.c.RepositoryConfigurationDelegate : Bootstrapping Spring Data JPA repositories in DEFAULT mode.
2025-01-05T05:09:17.963Z  INFO 1 --- [department-service] [main] .s.d.r.c.RepositoryConfigurationDelegate : Finished Spring Data repository scanning in 1402 ms. Found 2 JPA repository interfaces.
2025-01-05T05:09:23.490Z  INFO 1 --- [department-service] [main] o.s.cloud.context.scope.GenericScope     : BeanFactory id=c0dfaa43-3f8e-328d-9e3f-ba7796c1a046
2025-01-05T05:09:27.844Z  INFO 1 --- [department-service] [main] o.s.b.w.embedded.tomcat.TomcatWebServer  : Tomcat initialized with port 8080 (http)
2025-01-05T05:09:27.938Z  INFO 1 --- [department-service] [main] o.apache.catalina.core.StandardService   : Starting service [Tomcat]
2025-01-05T05:09:27.941Z  INFO 1 --- [department-service] [main] o.apache.catalina.core.StandardEngine    : Starting Servlet engine: [Apache Tomcat/10.1.33]
2025-01-05T05:09:28.514Z  INFO 1 --- [department-service] [main] o.a.c.c.C.[Tomcat].[localhost].[/]       : Initializing Spring embedded WebApplicationContext
2025-01-05T05:09:28.529Z  INFO 1 --- [department-service] [main] w.s.c.ServletWebServerApplicationContext : Root WebApplicationContext: initialization completed in 22998 ms
2025-01-05T05:09:38.490Z  INFO 1 --- [department-service] [main] o.s.o.j.p.SpringPersistenceUnitInfo      : No LoadTimeWeaver setup: ignoring JPA class transformer
2025-01-05T05:09:38.942Z  INFO 1 --- [department-service] [main] com.zaxxer.hikari.HikariDataSource       : HikariPool-1 - Starting...
2025-01-05T05:09:42.546Z  INFO 1 --- [department-service] [main] com.zaxxer.hikari.pool.HikariPool        : HikariPool-1 - Added connection com.mysql.cj.jdbc.ConnectionImpl@229cb4d8
2025-01-05T05:09:42.553Z  INFO 1 --- [department-service] [main] com.zaxxer.hikari.HikariDataSource       : HikariPool-1 - Start completed.
2025-01-05T05:09:50.064Z  INFO 1 --- [department-service] [main] j.LocalContainerEntityManagerFactoryBean : Initialized JPA EntityManagerFactory for persistence unit 'default'
2025-01-05T05:09:51.392Z  INFO 1 --- [department-service] [main] o.s.d.j.r.query.QueryEnhancerFactory     : Hibernate is in classpath; If applicable, HQL parser will be used.
2025-01-05T05:09:51.672Z  WARN 1 --- [department-service] [main] JpaBaseConfiguration$JpaWebConfiguration : spring.jpa.open-in-view is enabled by default. Therefore, database queries may be performed during view rendering. Explicitly configure spring.jpa.open-in-view to disable this warning
2025-01-05T05:09:52.697Z DEBUG 1 --- [department-service] [main] s.w.s.m.m.a.RequestMappingHandlerMapping : 5 mappings in 'requestMappingHandlerMapping'
2025-01-05T05:09:53.267Z DEBUG 1 --- [department-service] [main] o.s.w.s.handler.SimpleUrlHandlerMapping  : Patterns [/webjars/**, /**] in 'resourceHandlerMapping'
2025-01-05T05:09:53.414Z DEBUG 1 --- [department-service] [main] s.w.s.m.m.a.RequestMappingHandlerAdapter : ControllerAdvice beans: 0 @ModelAttribute, 0 @InitBinder, 1 RequestBodyAdvice, 1 ResponseBodyAdvice
2025-01-05T05:09:53.642Z DEBUG 1 --- [department-service] [main] .m.m.a.ExceptionHandlerExceptionResolver : ControllerAdvice beans: 0 @ExceptionHandler, 1 ResponseBodyAdvice
2025-01-05T05:09:54.661Z  INFO 1 --- [department-service] [main] DiscoveryClientOptionalArgsConfiguration : Eureka HTTP Client uses RestClient.
2025-01-05T05:09:54.876Z  WARN 1 --- [department-service] [main] iguration$LoadBalancerCaffeineWarnLogger : Spring Cloud LoadBalancer is currently working with the default cache. While this cache implementation is useful for development and tests, it's recommended to use Caffeine cache in production.You can switch to using Caffeine cache, by adding it and org.springframework.cache.caffeine.CaffeineCacheManager to the classpath.
2025-01-05T05:09:55.027Z  INFO 1 --- [department-service] [main] o.s.c.n.eureka.InstanceInfoFactory       : Setting initial instance status as: STARTING
2025-01-05T05:09:55.205Z  INFO 1 --- [department-service] [main] com.netflix.discovery.DiscoveryClient    : Initializing Eureka in region us-east-1
2025-01-05T05:09:55.223Z  INFO 1 --- [department-service] [main] c.n.d.s.r.aws.ConfigClusterResolver      : Resolving eureka endpoints via configuration
2025-01-05T05:09:55.298Z  INFO 1 --- [department-service] [main] com.netflix.discovery.DiscoveryClient    : Disable delta property : false
2025-01-05T05:09:55.325Z  INFO 1 --- [department-service] [main] com.netflix.discovery.DiscoveryClient    : Single vip registry refresh property : null
2025-01-05T05:09:55.327Z  INFO 1 --- [department-service] [main] com.netflix.discovery.DiscoveryClient    : Force full registry fetch : false
2025-01-05T05:09:55.328Z  INFO 1 --- [department-service] [main] com.netflix.discovery.DiscoveryClient    : Application is null : false
2025-01-05T05:09:55.330Z  INFO 1 --- [department-service] [main] com.netflix.discovery.DiscoveryClient    : Registered Applications size is zero : true
2025-01-05T05:09:55.334Z  INFO 1 --- [department-service] [main] com.netflix.discovery.DiscoveryClient    : Application version is -1: true
2025-01-05T05:09:55.340Z  INFO 1 --- [department-service] [main] com.netflix.discovery.DiscoveryClient    : Getting all instance registry info from the eureka server
2025-01-05T05:09:56.931Z DEBUG 1 --- [department-service] [main] o.s.web.client.DefaultRestClient         : Reading to [com.netflix.discovery.shared.Applications]
2025-01-05T05:09:57.011Z  INFO 1 --- [department-service] [main] com.netflix.discovery.DiscoveryClient    : The response status is 200
2025-01-05T05:09:57.050Z  INFO 1 --- [department-service] [main] com.netflix.discovery.DiscoveryClient    : Starting heartbeat executor: renew interval is: 30
2025-01-05T05:09:57.073Z  INFO 1 --- [department-service] [main] c.n.discovery.InstanceInfoReplicator     : InstanceInfoReplicator onDemand update allowed rate per min is 4
2025-01-05T05:09:57.097Z  INFO 1 --- [department-service] [main] com.netflix.discovery.DiscoveryClient    : Discovery Client initialized at timestamp 1736053797095 with initial instances count: 0
2025-01-05T05:09:57.163Z  INFO 1 --- [department-service] [main] o.s.c.n.e.s.EurekaServiceRegistry        : Registering application DEPARTMENT-SERVICE with eureka with status UP
2025-01-05T05:09:57.165Z  INFO 1 --- [department-service] [main] com.netflix.discovery.DiscoveryClient    : Saw local status change event StatusChangeEvent [timestamp=1736053797165, current=UP, previous=STARTING]
2025-01-05T05:09:57.170Z  INFO 1 --- [department-service] [DiscoveryClient-InstanceInfoReplicator-%d] com.netflix.discovery.DiscoveryClient    : DiscoveryClient_DEPARTMENT-SERVICE/7e5e38d9fd8e:department-service:8080: registering service...
2025-01-05T05:09:57.385Z DEBUG 1 --- [department-service] [DiscoveryClient-InstanceInfoReplicator-%d] o.s.web.client.DefaultRestClient         : Writing [InstanceInfo [instanceId = 7e5e38d9fd8e:department-service:8080, appName = DEPARTMENT-SERVICE, hostName = 7e5e38d9fd8e, status = UP, ipAddr = 172.20.0.13, port = 8080, securePort = 443, dataCenterInfo = com.netflix.appinfo.MyDataCenterInfo@56dae6] as "application/json" with org.springframework.http.converter.json.MappingJackson2HttpMessageConverter
2025-01-05T05:09:57.418Z  INFO 1 --- [department-service] [main] o.s.b.w.embedded.tomcat.TomcatWebServer  : Tomcat started on port 8080 (http) with context path '/'
2025-01-05T05:09:57.438Z  INFO 1 --- [department-service] [main] .s.c.n.e.s.EurekaAutoServiceRegistration : Updating port to 8080
2025-01-05T05:09:57.510Z  INFO 1 --- [department-service] [DiscoveryClient-InstanceInfoReplicator-%d] com.netflix.discovery.DiscoveryClient    : DiscoveryClient_DEPARTMENT-SERVICE/7e5e38d9fd8e:department-service:8080 - registration status: 204
2025-01-05T05:09:57.538Z  INFO 1 --- [department-service] [main] com.vti.DepartmentServiceApplication     : Started DepartmentServiceApplication in 59.486 seconds (process running for 64.448)
2025-01-05T05:10:27.077Z  INFO 1 --- [department-service] [DiscoveryClient-CacheRefreshExecutor-%d] com.netflix.discovery.DiscoveryClient    : Disable delta property : false
2025-01-05T05:10:27.083Z  INFO 1 --- [department-service] [DiscoveryClient-CacheRefreshExecutor-%d] com.netflix.discovery.DiscoveryClient    : Single vip registry refresh property : null
2025-01-05T05:10:27.088Z  INFO 1 --- [department-service] [DiscoveryClient-CacheRefreshExecutor-%d] com.netflix.discovery.DiscoveryClient    : Force full registry fetch : false
2025-01-05T05:10:27.092Z  INFO 1 --- [department-service] [DiscoveryClient-CacheRefreshExecutor-%d] com.netflix.discovery.DiscoveryClient    : Application is null : false
2025-01-05T05:10:27.093Z  INFO 1 --- [department-service] [DiscoveryClient-CacheRefreshExecutor-%d] com.netflix.discovery.DiscoveryClient    : Registered Applications size is zero : true
2025-01-05T05:10:27.094Z  INFO 1 --- [department-service] [DiscoveryClient-CacheRefreshExecutor-%d] com.netflix.discovery.DiscoveryClient    : Application version is -1: false
2025-01-05T05:10:27.094Z  INFO 1 --- [department-service] [DiscoveryClient-CacheRefreshExecutor-%d] com.netflix.discovery.DiscoveryClient    : Getting all instance registry info from the eureka server
2025-01-05T05:10:27.103Z DEBUG 1 --- [department-service] [DiscoveryClient-CacheRefreshExecutor-%d] o.s.web.client.DefaultRestClient         : Reading to [com.netflix.discovery.shared.Applications]
2025-01-05T05:10:27.164Z  INFO 1 --- [department-service] [DiscoveryClient-CacheRefreshExecutor-%d] com.netflix.discovery.DiscoveryClient    : The response status is 200
2025-01-05T05:10:31.448Z  INFO 1 --- [department-service] [SpringApplicationShutdownHook] o.s.c.n.e.s.EurekaServiceRegistry        : Unregistering application DEPARTMENT-SERVICE with eureka with status DOWN
2025-01-05T05:10:31.492Z  INFO 1 --- [department-service] [SpringApplicationShutdownHook] com.netflix.discovery.DiscoveryClient    : Saw local status change event StatusChangeEvent [timestamp=1736053831492, current=DOWN, previous=UP]
2025-01-05T05:10:31.499Z  INFO 1 --- [department-service] [DiscoveryClient-InstanceInfoReplicator-%d] com.netflix.discovery.DiscoveryClient    : DiscoveryClient_DEPARTMENT-SERVICE/7e5e38d9fd8e:department-service:8080: registering service...
2025-01-05T05:10:31.515Z DEBUG 1 --- [department-service] [DiscoveryClient-InstanceInfoReplicator-%d] o.s.web.client.DefaultRestClient         : Writing [InstanceInfo [instanceId = 7e5e38d9fd8e:department-service:8080, appName = DEPARTMENT-SERVICE, hostName = 7e5e38d9fd8e, status = DOWN, ipAddr = 172.20.0.13, port = 8080, securePort = 443, dataCenterInfo = com.netflix.appinfo.MyDataCenterInfo@56dae6] as "application/json" with org.springframework.http.converter.json.MappingJackson2HttpMessageConverter
2025-01-05T05:10:31.520Z  INFO 1 --- [department-service] [SpringApplicationShutdownHook] o.s.b.w.e.tomcat.GracefulShutdown        : Commencing graceful shutdown. Waiting for active requests to complete
2025-01-05T05:10:31.570Z  INFO 1 --- [department-service] [DiscoveryClient-InstanceInfoReplicator-%d] com.netflix.discovery.DiscoveryClient    : DiscoveryClient_DEPARTMENT-SERVICE/7e5e38d9fd8e:department-service:8080 - registration status: 204
2025-01-05T05:10:31.652Z  INFO 1 --- [department-service] [tomcat-shutdown] o.s.b.w.e.tomcat.GracefulShutdown        : Graceful shutdown complete
2025-01-05T05:10:31.673Z  INFO 1 --- [department-service] [SpringApplicationShutdownHook] j.LocalContainerEntityManagerFactoryBean : Closing JPA EntityManagerFactory for persistence unit 'default'
2025-01-05T05:10:31.741Z  INFO 1 --- [department-service] [SpringApplicationShutdownHook] com.zaxxer.hikari.HikariDataSource       : HikariPool-1 - Shutdown initiated...
2025-01-05T05:10:31.885Z  INFO 1 --- [department-service] [SpringApplicationShutdownHook] com.zaxxer.hikari.HikariDataSource       : HikariPool-1 - Shutdown completed.
2025-01-05T05:10:31.888Z  INFO 1 --- [department-service] [SpringApplicationShutdownHook] com.netflix.discovery.DiscoveryClient    : Shutting down DiscoveryClient ...
2025-01-05T05:10:34.915Z  INFO 1 --- [department-service] [SpringApplicationShutdownHook] com.netflix.discovery.DiscoveryClient    : Unregistering ...
2025-01-05T05:10:34.960Z  INFO 1 --- [department-service] [SpringApplicationShutdownHook] com.netflix.discovery.DiscoveryClient    : DiscoveryClient_DEPARTMENT-SERVICE/7e5e38d9fd8e:department-service:8080 - deregister  status: 200
2025-01-05T05:10:35.000Z  INFO 1 --- [department-service] [SpringApplicationShutdownHook] com.netflix.discovery.DiscoveryClient    : Completed shut down of DiscoveryClient
